2022-05-20_19-06-01 [Thread-9] INFO  o.s.o.j.LocalContainerEntityManagerFactoryBean - Closing JPA EntityManagerFactory for persistence unit 'default'
2022-05-20_19-06-01 [Thread-9] INFO  o.h.t.s.i.SchemaDropperImpl$DelayedDropActionImpl - HHH000477: Starting delayed evictData of schema as part of SessionFactory shut-down'
2022-05-20_19-06-01 [Thread-9] INFO  com.zaxxer.hikari.HikariDataSource - HikariPool-1 - Shutdown initiated...
2022-05-20_19-06-01 [Thread-9] INFO  com.zaxxer.hikari.HikariDataSource - HikariPool-1 - Shutdown completed.
2022-05-20_19-06-09 [restartedMain] INFO  c.p.d.PensionerDetailServiceApplication - Starting PensionerDetailServiceApplication using Java 1.8.0_261 on DESKTOP-N8K6OFJ with PID 12624 (H:\Pension-management-system\pensioner-detail-service\target\classes started by AYAN ADAK in H:\Pension-management-system\pensioner-detail-service)
2022-05-20_19-06-09 [restartedMain] INFO  c.p.d.PensionerDetailServiceApplication - No active profile set, falling back to default profiles: default
2022-05-20_19-06-09 [restartedMain] INFO  o.s.d.r.c.RepositoryConfigurationDelegate - Bootstrapping Spring Data JPA repositories in DEFAULT mode.
2022-05-20_19-06-09 [restartedMain] INFO  o.s.d.r.c.RepositoryConfigurationDelegate - Finished Spring Data repository scanning in 1224 ms. Found 1 JPA repository interfaces.
2022-05-20_19-06-09 [restartedMain] INFO  o.s.cloud.context.scope.GenericScope - BeanFactory id=e8130736-4454-3f6c-9d09-802fb4ab3f7b
2022-05-20_19-06-09 [restartedMain] INFO  o.s.b.w.e.tomcat.TomcatWebServer - Tomcat initialized with port(s): 8200 (http)
2022-05-20_19-06-09 [restartedMain] INFO  o.a.coyote.http11.Http11NioProtocol - Initializing ProtocolHandler ["http-nio-8200"]
2022-05-20_19-06-09 [restartedMain] INFO  o.a.catalina.core.StandardService - Starting service [Tomcat]
2022-05-20_19-06-09 [restartedMain] INFO  o.a.catalina.core.StandardEngine - Starting Servlet engine: [Apache Tomcat/9.0.56]
2022-05-20_19-06-09 [restartedMain] INFO  o.a.c.c.C.[.[localhost].[/pensioner] - Initializing Spring embedded WebApplicationContext
2022-05-20_19-06-09 [restartedMain] INFO  o.s.b.w.s.c.ServletWebServerApplicationContext - Root WebApplicationContext: initialization completed in 6403 ms
2022-05-20_19-06-09 [restartedMain] INFO  com.zaxxer.hikari.HikariDataSource - HikariPool-2 - Starting...
2022-05-20_19-06-09 [restartedMain] INFO  com.zaxxer.hikari.HikariDataSource - HikariPool-2 - Start completed.
2022-05-20_19-06-09 [restartedMain] INFO  o.s.b.a.h.H2ConsoleAutoConfiguration - H2 console available at '/db'. Database available at 'jdbc:h2:mem:pms_db'
2022-05-20_19-06-09 [restartedMain] INFO  o.h.jpa.internal.util.LogHelper - HHH000204: Processing PersistenceUnitInfo [name: default]
2022-05-20_19-06-09 [restartedMain] INFO  org.hibernate.dialect.Dialect - HHH000400: Using dialect: org.hibernate.dialect.H2Dialect
2022-05-20_19-06-09 [restartedMain] INFO  o.h.e.t.j.p.i.JtaPlatformInitiator - HHH000490: Using JtaPlatform implementation: [org.hibernate.engine.transaction.jta.platform.internal.NoJtaPlatform]
2022-05-20_19-06-09 [restartedMain] INFO  o.s.o.j.LocalContainerEntityManagerFactoryBean - Initialized JPA EntityManagerFactory for persistence unit 'default'
2022-05-20_19-06-09 [restartedMain] INFO  o.s.b.d.a.OptionalLiveReloadServer - LiveReload server is running on port 35729
2022-05-20_19-06-09 [restartedMain] INFO  o.a.coyote.http11.Http11NioProtocol - Starting ProtocolHandler ["http-nio-8200"]
2022-05-20_19-06-09 [restartedMain] INFO  o.s.b.w.e.tomcat.TomcatWebServer - Tomcat started on port(s): 8200 (http) with context path '/pensioner'
2022-05-20_19-06-09 [restartedMain] INFO  c.p.d.PensionerDetailServiceApplication - Started PensionerDetailServiceApplication in 14.345 seconds (JVM running for 163616.679)
2022-05-20_19-06-09 [restartedMain] INFO  o.s.b.d.a.ConditionEvaluationDeltaLoggingListener - Condition evaluation unchanged
2022-05-20_19-06-09 [Thread-13] INFO  o.s.o.j.LocalContainerEntityManagerFactoryBean - Closing JPA EntityManagerFactory for persistence unit 'default'
2022-05-20_19-06-09 [Thread-13] INFO  o.h.t.s.i.SchemaDropperImpl$DelayedDropActionImpl - HHH000477: Starting delayed evictData of schema as part of SessionFactory shut-down'
2022-05-20_19-06-09 [Thread-13] INFO  com.zaxxer.hikari.HikariDataSource - HikariPool-2 - Shutdown initiated...
2022-05-20_19-06-09 [Thread-13] INFO  com.zaxxer.hikari.HikariDataSource - HikariPool-2 - Shutdown completed.
2022-05-20_19-06-24 [restartedMain] INFO  c.p.d.PensionerDetailServiceApplication - Starting PensionerDetailServiceApplication using Java 1.8.0_261 on DESKTOP-N8K6OFJ with PID 12624 (H:\Pension-management-system\pensioner-detail-service\target\classes started by AYAN ADAK in H:\Pension-management-system\pensioner-detail-service)
2022-05-20_19-06-24 [restartedMain] INFO  c.p.d.PensionerDetailServiceApplication - No active profile set, falling back to default profiles: default
2022-05-20_19-06-25 [main] INFO  o.s.b.t.c.SpringBootTestContextBootstrapper - Neither @ContextConfiguration nor @ContextHierarchy found for test class [com.pms.detail.controller.PensionerDetailControllerTest], using SpringBootContextLoader
2022-05-20_19-06-25 [main] INFO  o.s.t.c.s.AbstractContextLoader - Could not detect default resource locations for test class [com.pms.detail.controller.PensionerDetailControllerTest]: no resource found for suffixes {-context.xml, Context.groovy}.
2022-05-20_19-06-25 [main] INFO  o.s.t.c.s.AnnotationConfigContextLoaderUtils - Could not detect default configuration classes for test class [com.pms.detail.controller.PensionerDetailControllerTest]: PensionerDetailControllerTest does not declare any static, non-private, non-final, nested classes annotated with @Configuration.
2022-05-20_19-06-24 [restartedMain] INFO  o.s.d.r.c.RepositoryConfigurationDelegate - Bootstrapping Spring Data JPA repositories in DEFAULT mode.
2022-05-20_19-06-24 [restartedMain] INFO  o.s.d.r.c.RepositoryConfigurationDelegate - Finished Spring Data repository scanning in 36 ms. Found 1 JPA repository interfaces.
2022-05-20_19-06-24 [restartedMain] INFO  o.s.cloud.context.scope.GenericScope - BeanFactory id=0017e8f6-4b86-3822-b918-752f6c79a3fe
2022-05-20_19-06-25 [main] INFO  o.s.b.t.c.SpringBootTestContextBootstrapper - Found @SpringBootConfiguration com.pms.detail.PensionerDetailServiceApplication for test class com.pms.detail.controller.PensionerDetailControllerTest
2022-05-20_19-06-24 [restartedMain] INFO  o.s.b.w.e.tomcat.TomcatWebServer - Tomcat initialized with port(s): 8200 (http)
2022-05-20_19-06-24 [restartedMain] INFO  o.a.coyote.http11.Http11NioProtocol - Initializing ProtocolHandler ["http-nio-8200"]
2022-05-20_19-06-24 [restartedMain] INFO  o.a.catalina.core.StandardService - Starting service [Tomcat]
2022-05-20_19-06-24 [restartedMain] INFO  o.a.catalina.core.StandardEngine - Starting Servlet engine: [Apache Tomcat/9.0.56]
2022-05-20_19-06-24 [restartedMain] INFO  o.a.c.c.C.[.[localhost].[/pensioner] - Initializing Spring embedded WebApplicationContext
2022-05-20_19-06-24 [restartedMain] INFO  o.s.b.w.s.c.ServletWebServerApplicationContext - Root WebApplicationContext: initialization completed in 2508 ms
2022-05-20_19-06-24 [restartedMain] INFO  com.zaxxer.hikari.HikariDataSource - HikariPool-3 - Starting...
2022-05-20_19-06-24 [restartedMain] INFO  com.zaxxer.hikari.HikariDataSource - HikariPool-3 - Start completed.
2022-05-20_19-06-24 [restartedMain] INFO  o.s.b.a.h.H2ConsoleAutoConfiguration - H2 console available at '/db'. Database available at 'jdbc:h2:mem:pms_db'
2022-05-20_19-06-25 [main] INFO  o.s.b.t.c.SpringBootTestContextBootstrapper - Loaded default TestExecutionListener class names from location [META-INF/spring.factories]: [org.springframework.boot.test.mock.mockito.MockitoTestExecutionListener, org.springframework.boot.test.mock.mockito.ResetMocksTestExecutionListener, org.springframework.boot.test.autoconfigure.restdocs.RestDocsTestExecutionListener, org.springframework.boot.test.autoconfigure.web.client.MockRestServiceServerResetTestExecutionListener, org.springframework.boot.test.autoconfigure.web.servlet.MockMvcPrintOnlyOnFailureTestExecutionListener, org.springframework.boot.test.autoconfigure.web.servlet.WebDriverTestExecutionListener, org.springframework.boot.test.autoconfigure.webservices.client.MockWebServiceServerTestExecutionListener, org.springframework.test.context.web.ServletTestExecutionListener, org.springframework.test.context.support.DirtiesContextBeforeModesTestExecutionListener, org.springframework.test.context.event.ApplicationEventsTestExecutionListener, org.springframework.test.context.support.DependencyInjectionTestExecutionListener, org.springframework.test.context.support.DirtiesContextTestExecutionListener, org.springframework.test.context.transaction.TransactionalTestExecutionListener, org.springframework.test.context.jdbc.SqlScriptsTestExecutionListener, org.springframework.test.context.event.EventPublishingTestExecutionListener]
2022-05-20_19-06-24 [restartedMain] INFO  o.h.jpa.internal.util.LogHelper - HHH000204: Processing PersistenceUnitInfo [name: default]
2022-05-20_19-06-24 [restartedMain] INFO  org.hibernate.dialect.Dialect - HHH000400: Using dialect: org.hibernate.dialect.H2Dialect
2022-05-20_19-06-25 [main] INFO  o.s.b.t.c.SpringBootTestContextBootstrapper - Using TestExecutionListeners: [org.springframework.test.context.web.ServletTestExecutionListener@4397ad89, org.springframework.test.context.support.DirtiesContextBeforeModesTestExecutionListener@59cba5a, org.springframework.test.context.event.ApplicationEventsTestExecutionListener@1bd39d3c, org.springframework.boot.test.mock.mockito.MockitoTestExecutionListener@6f19ac19, org.springframework.boot.test.autoconfigure.SpringBootDependencyInjectionTestExecutionListener@119cbf96, org.springframework.test.context.support.DirtiesContextTestExecutionListener@71329995, org.springframework.test.context.transaction.TransactionalTestExecutionListener@768fc0f2, org.springframework.test.context.jdbc.SqlScriptsTestExecutionListener@5454d35e, org.springframework.test.context.event.EventPublishingTestExecutionListener@20c0a64d, org.springframework.boot.test.mock.mockito.ResetMocksTestExecutionListener@455b6df1, org.springframework.boot.test.autoconfigure.restdocs.RestDocsTestExecutionListener@4ddbbdf8, org.springframework.boot.test.autoconfigure.web.client.MockRestServiceServerResetTestExecutionListener@3f67593e, org.springframework.boot.test.autoconfigure.web.servlet.MockMvcPrintOnlyOnFailureTestExecutionListener@1ab06251, org.springframework.boot.test.autoconfigure.web.servlet.WebDriverTestExecutionListener@41ab013, org.springframework.boot.test.autoconfigure.webservices.client.MockWebServiceServerTestExecutionListener@14bee915]
2022-05-20_19-06-24 [restartedMain] INFO  o.h.e.t.j.p.i.JtaPlatformInitiator - HHH000490: Using JtaPlatform implementation: [org.hibernate.engine.transaction.jta.platform.internal.NoJtaPlatform]
2022-05-20_19-06-24 [restartedMain] INFO  o.s.o.j.LocalContainerEntityManagerFactoryBean - Initialized JPA EntityManagerFactory for persistence unit 'default'
2022-05-20_19-06-24 [restartedMain] INFO  o.s.b.d.a.OptionalLiveReloadServer - LiveReload server is running on port 35729
2022-05-20_19-06-24 [restartedMain] INFO  o.a.coyote.http11.Http11NioProtocol - Starting ProtocolHandler ["http-nio-8200"]
2022-05-20_19-06-24 [restartedMain] INFO  o.s.b.w.e.tomcat.TomcatWebServer - Tomcat started on port(s): 8200 (http) with context path '/pensioner'
2022-05-20_19-06-29 [main] INFO  c.p.d.c.PensionerDetailControllerTest - Starting PensionerDetailControllerTest using Java 1.8.0_261 on DESKTOP-N8K6OFJ with PID 13840 (started by AYAN ADAK in H:\Pension-management-system\pensioner-detail-service)
2022-05-20_19-06-29 [main] INFO  c.p.d.c.PensionerDetailControllerTest - No active profile set, falling back to default profiles: default
2022-05-20_19-06-24 [restartedMain] INFO  c.p.d.PensionerDetailServiceApplication - Started PensionerDetailServiceApplication in 8.413 seconds (JVM running for 163626.468)
2022-05-20_19-06-24 [restartedMain] INFO  o.s.b.d.a.ConditionEvaluationDeltaLoggingListener - Condition evaluation unchanged
2022-05-20_19-06-29 [main] INFO  o.s.d.r.c.RepositoryConfigurationDelegate - Bootstrapping Spring Data JPA repositories in DEFAULT mode.
2022-05-20_19-06-29 [main] INFO  o.s.d.r.c.RepositoryConfigurationDelegate - Finished Spring Data repository scanning in 133 ms. Found 1 JPA repository interfaces.
2022-05-20_19-06-29 [main] INFO  o.s.cloud.context.scope.GenericScope - BeanFactory id=346d7683-cf75-38b2-b97d-446c1898dd5d
2022-05-20_19-06-29 [main] INFO  com.zaxxer.hikari.HikariDataSource - HikariPool-1 - Starting...
2022-05-20_19-06-29 [main] INFO  com.zaxxer.hikari.HikariDataSource - HikariPool-1 - Start completed.
2022-05-20_19-06-29 [main] INFO  o.h.jpa.internal.util.LogHelper - HHH000204: Processing PersistenceUnitInfo [name: default]
2022-05-20_19-06-29 [main] INFO  org.hibernate.Version - HHH000412: Hibernate ORM core version 5.6.3.Final
2022-05-20_19-06-29 [main] INFO  o.h.annotations.common.Version - HCANN000001: Hibernate Commons Annotations {5.1.2.Final}
2022-05-20_19-06-29 [main] INFO  org.hibernate.dialect.Dialect - HHH000400: Using dialect: org.hibernate.dialect.H2Dialect
2022-05-20_19-06-29 [main] INFO  o.h.e.t.j.p.i.JtaPlatformInitiator - HHH000490: Using JtaPlatform implementation: [org.hibernate.engine.transaction.jta.platform.internal.NoJtaPlatform]
2022-05-20_19-06-29 [main] INFO  o.s.o.j.LocalContainerEntityManagerFactoryBean - Initialized JPA EntityManagerFactory for persistence unit 'default'
2022-05-20_19-06-29 [main] INFO  o.s.b.a.h.H2ConsoleAutoConfiguration - H2 console available at '/db'. Database available at 'jdbc:h2:mem:pms_db'
2022-05-20_19-06-29 [main] INFO  o.s.b.t.m.w.SpringBootMockServletContext - Initializing Spring TestDispatcherServlet ''
2022-05-20_19-06-29 [main] INFO  o.s.t.w.s.TestDispatcherServlet - Initializing Servlet ''
2022-05-20_19-06-29 [main] INFO  o.s.t.w.s.TestDispatcherServlet - Completed initialization in 6 ms
2022-05-20_19-06-29 [main] INFO  c.p.d.c.PensionerDetailControllerTest - Started PensionerDetailControllerTest in 17.579 seconds (JVM running for 24.028)
2022-05-20_19-06-29 [main] INFO  c.p.d.c.PensionerDetailController - Token valid :true
2022-05-20_19-06-29 [main] INFO  c.p.d.c.PensionerDetailController - Token valid :true
2022-05-20_19-06-29 [main] INFO  c.p.d.c.PensionerDetailController - Token valid :true
2022-05-20_19-06-29 [main] INFO  o.s.b.t.c.SpringBootTestContextBootstrapper - Neither @ContextConfiguration nor @ContextHierarchy found for test class [com.pms.detail.PensionerDetailServiceApplicationTests], using SpringBootContextLoader
2022-05-20_19-06-29 [main] INFO  o.s.t.c.s.AbstractContextLoader - Could not detect default resource locations for test class [com.pms.detail.PensionerDetailServiceApplicationTests]: no resource found for suffixes {-context.xml, Context.groovy}.
2022-05-20_19-06-29 [main] INFO  o.s.t.c.s.AnnotationConfigContextLoaderUtils - Could not detect default configuration classes for test class [com.pms.detail.PensionerDetailServiceApplicationTests]: PensionerDetailServiceApplicationTests does not declare any static, non-private, non-final, nested classes annotated with @Configuration.
2022-05-20_19-06-29 [main] INFO  o.s.b.t.c.SpringBootTestContextBootstrapper - Found @SpringBootConfiguration com.pms.detail.PensionerDetailServiceApplication for test class com.pms.detail.PensionerDetailServiceApplicationTests
2022-05-20_19-06-29 [main] INFO  o.s.b.t.c.SpringBootTestContextBootstrapper - Loaded default TestExecutionListener class names from location [META-INF/spring.factories]: [org.springframework.boot.test.mock.mockito.MockitoTestExecutionListener, org.springframework.boot.test.mock.mockito.ResetMocksTestExecutionListener, org.springframework.boot.test.autoconfigure.restdocs.RestDocsTestExecutionListener, org.springframework.boot.test.autoconfigure.web.client.MockRestServiceServerResetTestExecutionListener, org.springframework.boot.test.autoconfigure.web.servlet.MockMvcPrintOnlyOnFailureTestExecutionListener, org.springframework.boot.test.autoconfigure.web.servlet.WebDriverTestExecutionListener, org.springframework.boot.test.autoconfigure.webservices.client.MockWebServiceServerTestExecutionListener, org.springframework.test.context.web.ServletTestExecutionListener, org.springframework.test.context.support.DirtiesContextBeforeModesTestExecutionListener, org.springframework.test.context.event.ApplicationEventsTestExecutionListener, org.springframework.test.context.support.DependencyInjectionTestExecutionListener, org.springframework.test.context.support.DirtiesContextTestExecutionListener, org.springframework.test.context.transaction.TransactionalTestExecutionListener, org.springframework.test.context.jdbc.SqlScriptsTestExecutionListener, org.springframework.test.context.event.EventPublishingTestExecutionListener]
2022-05-20_19-06-29 [main] INFO  o.s.b.t.c.SpringBootTestContextBootstrapper - Using TestExecutionListeners: [org.springframework.test.context.web.ServletTestExecutionListener@1b881f1f, org.springframework.test.context.support.DirtiesContextBeforeModesTestExecutionListener@51efdb72, org.springframework.test.context.event.ApplicationEventsTestExecutionListener@7bc6b117, org.springframework.boot.test.mock.mockito.MockitoTestExecutionListener@2de07c57, org.springframework.boot.test.autoconfigure.SpringBootDependencyInjectionTestExecutionListener@76cbee13, org.springframework.test.context.support.DirtiesContextTestExecutionListener@59d09ff3, org.springframework.test.context.transaction.TransactionalTestExecutionListener@17d0d3d7, org.springframework.test.context.jdbc.SqlScriptsTestExecutionListener@39fc17be, org.springframework.test.context.event.EventPublishingTestExecutionListener@106edde4, org.springframework.boot.test.mock.mockito.ResetMocksTestExecutionListener@4d9cf71d, org.springframework.boot.test.autoconfigure.restdocs.RestDocsTestExecutionListener@5c43cb12, org.springframework.boot.test.autoconfigure.web.client.MockRestServiceServerResetTestExecutionListener@5db66c3, org.springframework.boot.test.autoconfigure.web.servlet.MockMvcPrintOnlyOnFailureTestExecutionListener@633c0a61, org.springframework.boot.test.autoconfigure.web.servlet.WebDriverTestExecutionListener@49322d04, org.springframework.boot.test.autoconfigure.webservices.client.MockWebServiceServerTestExecutionListener@b6b746b]
2022-05-20_19-06-48 [main] INFO  c.p.d.PensionerDetailServiceApplicationTests - Starting PensionerDetailServiceApplicationTests using Java 1.8.0_261 on DESKTOP-N8K6OFJ with PID 13840 (started by AYAN ADAK in H:\Pension-management-system\pensioner-detail-service)
2022-05-20_19-06-48 [main] INFO  c.p.d.PensionerDetailServiceApplicationTests - No active profile set, falling back to default profiles: default
2022-05-20_19-06-48 [main] INFO  o.s.d.r.c.RepositoryConfigurationDelegate - Bootstrapping Spring Data JPA repositories in DEFAULT mode.
2022-05-20_19-06-48 [main] INFO  o.s.d.r.c.RepositoryConfigurationDelegate - Finished Spring Data repository scanning in 17 ms. Found 1 JPA repository interfaces.
2022-05-20_19-06-48 [main] INFO  o.s.cloud.context.scope.GenericScope - BeanFactory id=9edbc9df-359b-32b3-9d35-c8e73a489be9
2022-05-20_19-06-48 [main] INFO  com.zaxxer.hikari.HikariDataSource - HikariPool-2 - Starting...
2022-05-20_19-06-48 [main] INFO  com.zaxxer.hikari.HikariDataSource - HikariPool-2 - Start completed.
2022-05-20_19-06-48 [main] INFO  o.h.jpa.internal.util.LogHelper - HHH000204: Processing PersistenceUnitInfo [name: default]
2022-05-20_19-06-48 [main] INFO  org.hibernate.dialect.Dialect - HHH000400: Using dialect: org.hibernate.dialect.H2Dialect
2022-05-20_19-06-48 [main] INFO  o.h.e.t.j.p.i.JtaPlatformInitiator - HHH000490: Using JtaPlatform implementation: [org.hibernate.engine.transaction.jta.platform.internal.NoJtaPlatform]
2022-05-20_19-06-48 [main] INFO  o.s.o.j.LocalContainerEntityManagerFactoryBean - Initialized JPA EntityManagerFactory for persistence unit 'default'
2022-05-20_19-06-48 [main] INFO  o.s.b.a.h.H2ConsoleAutoConfiguration - H2 console available at '/db'. Database available at 'jdbc:h2:mem:pms_db'
2022-05-20_19-06-48 [main] INFO  c.p.d.PensionerDetailServiceApplicationTests - Started PensionerDetailServiceApplicationTests in 4.361 seconds (JVM running for 30.454)
2022-05-20_19-06-48 [main] INFO  o.s.b.t.c.SpringBootTestContextBootstrapper - Neither @ContextConfiguration nor @ContextHierarchy found for test class [com.pms.detail.service.PensionerDetailServiceTest], using SpringBootContextLoader
2022-05-20_19-06-48 [main] INFO  o.s.t.c.s.AbstractContextLoader - Could not detect default resource locations for test class [com.pms.detail.service.PensionerDetailServiceTest]: no resource found for suffixes {-context.xml, Context.groovy}.
2022-05-20_19-06-48 [main] INFO  o.s.t.c.s.AnnotationConfigContextLoaderUtils - Could not detect default configuration classes for test class [com.pms.detail.service.PensionerDetailServiceTest]: PensionerDetailServiceTest does not declare any static, non-private, non-final, nested classes annotated with @Configuration.
2022-05-20_19-06-48 [main] INFO  o.s.b.t.c.SpringBootTestContextBootstrapper - Found @SpringBootConfiguration com.pms.detail.PensionerDetailServiceApplication for test class com.pms.detail.service.PensionerDetailServiceTest
2022-05-20_19-06-48 [main] INFO  o.s.b.t.c.SpringBootTestContextBootstrapper - Loaded default TestExecutionListener class names from location [META-INF/spring.factories]: [org.springframework.boot.test.mock.mockito.MockitoTestExecutionListener, org.springframework.boot.test.mock.mockito.ResetMocksTestExecutionListener, org.springframework.boot.test.autoconfigure.restdocs.RestDocsTestExecutionListener, org.springframework.boot.test.autoconfigure.web.client.MockRestServiceServerResetTestExecutionListener, org.springframework.boot.test.autoconfigure.web.servlet.MockMvcPrintOnlyOnFailureTestExecutionListener, org.springframework.boot.test.autoconfigure.web.servlet.WebDriverTestExecutionListener, org.springframework.boot.test.autoconfigure.webservices.client.MockWebServiceServerTestExecutionListener, org.springframework.test.context.web.ServletTestExecutionListener, org.springframework.test.context.support.DirtiesContextBeforeModesTestExecutionListener, org.springframework.test.context.event.ApplicationEventsTestExecutionListener, org.springframework.test.context.support.DependencyInjectionTestExecutionListener, org.springframework.test.context.support.DirtiesContextTestExecutionListener, org.springframework.test.context.transaction.TransactionalTestExecutionListener, org.springframework.test.context.jdbc.SqlScriptsTestExecutionListener, org.springframework.test.context.event.EventPublishingTestExecutionListener]
2022-05-20_19-06-48 [main] INFO  o.s.b.t.c.SpringBootTestContextBootstrapper - Using TestExecutionListeners: [org.springframework.test.context.web.ServletTestExecutionListener@6f076c53, org.springframework.test.context.support.DirtiesContextBeforeModesTestExecutionListener@3c39c739, org.springframework.test.context.event.ApplicationEventsTestExecutionListener@4b3b2a4f, org.springframework.boot.test.mock.mockito.MockitoTestExecutionListener@2e8eafb2, org.springframework.boot.test.autoconfigure.SpringBootDependencyInjectionTestExecutionListener@7a3f3bc4, org.springframework.test.context.support.DirtiesContextTestExecutionListener@8cd2bb5, org.springframework.test.context.transaction.TransactionalTestExecutionListener@1a3611b1, org.springframework.test.context.jdbc.SqlScriptsTestExecutionListener@419ece7a, org.springframework.test.context.event.EventPublishingTestExecutionListener@427c2c96, org.springframework.boot.test.mock.mockito.ResetMocksTestExecutionListener@238d27ef, org.springframework.boot.test.autoconfigure.restdocs.RestDocsTestExecutionListener@91c11b6, org.springframework.boot.test.autoconfigure.web.client.MockRestServiceServerResetTestExecutionListener@3ec6f3f1, org.springframework.boot.test.autoconfigure.web.servlet.MockMvcPrintOnlyOnFailureTestExecutionListener@1dfd6023, org.springframework.boot.test.autoconfigure.web.servlet.WebDriverTestExecutionListener@57859e2c, org.springframework.boot.test.autoconfigure.webservices.client.MockWebServiceServerTestExecutionListener@3e7da4cb]
2022-05-20_19-06-48 [main] INFO  o.s.b.t.c.SpringBootTestContextBootstrapper - Neither @ContextConfiguration nor @ContextHierarchy found for test class [com.pms.detail.util.CsvToListConverterTest], using SpringBootContextLoader
2022-05-20_19-06-48 [main] INFO  o.s.t.c.s.AbstractContextLoader - Could not detect default resource locations for test class [com.pms.detail.util.CsvToListConverterTest]: no resource found for suffixes {-context.xml, Context.groovy}.
2022-05-20_19-06-48 [main] INFO  o.s.t.c.s.AnnotationConfigContextLoaderUtils - Could not detect default configuration classes for test class [com.pms.detail.util.CsvToListConverterTest]: CsvToListConverterTest does not declare any static, non-private, non-final, nested classes annotated with @Configuration.
2022-05-20_19-06-48 [main] INFO  o.s.b.t.c.SpringBootTestContextBootstrapper - Found @SpringBootConfiguration com.pms.detail.PensionerDetailServiceApplication for test class com.pms.detail.util.CsvToListConverterTest
2022-05-20_19-06-48 [main] INFO  o.s.b.t.c.SpringBootTestContextBootstrapper - Loaded default TestExecutionListener class names from location [META-INF/spring.factories]: [org.springframework.boot.test.mock.mockito.MockitoTestExecutionListener, org.springframework.boot.test.mock.mockito.ResetMocksTestExecutionListener, org.springframework.boot.test.autoconfigure.restdocs.RestDocsTestExecutionListener, org.springframework.boot.test.autoconfigure.web.client.MockRestServiceServerResetTestExecutionListener, org.springframework.boot.test.autoconfigure.web.servlet.MockMvcPrintOnlyOnFailureTestExecutionListener, org.springframework.boot.test.autoconfigure.web.servlet.WebDriverTestExecutionListener, org.springframework.boot.test.autoconfigure.webservices.client.MockWebServiceServerTestExecutionListener, org.springframework.test.context.web.ServletTestExecutionListener, org.springframework.test.context.support.DirtiesContextBeforeModesTestExecutionListener, org.springframework.test.context.event.ApplicationEventsTestExecutionListener, org.springframework.test.context.support.DependencyInjectionTestExecutionListener, org.springframework.test.context.support.DirtiesContextTestExecutionListener, org.springframework.test.context.transaction.TransactionalTestExecutionListener, org.springframework.test.context.jdbc.SqlScriptsTestExecutionListener, org.springframework.test.context.event.EventPublishingTestExecutionListener]
2022-05-20_19-06-48 [main] INFO  o.s.b.t.c.SpringBootTestContextBootstrapper - Using TestExecutionListeners: [org.springframework.test.context.web.ServletTestExecutionListener@28da5c4d, org.springframework.test.context.support.DirtiesContextBeforeModesTestExecutionListener@7c928399, org.springframework.test.context.event.ApplicationEventsTestExecutionListener@1bcca516, org.springframework.boot.test.mock.mockito.MockitoTestExecutionListener@cef23a8, org.springframework.boot.test.autoconfigure.SpringBootDependencyInjectionTestExecutionListener@762d2e4c, org.springframework.test.context.support.DirtiesContextTestExecutionListener@1e4bf55b, org.springframework.test.context.transaction.TransactionalTestExecutionListener@60510791, org.springframework.test.context.jdbc.SqlScriptsTestExecutionListener@15d68a50, org.springframework.test.context.event.EventPublishingTestExecutionListener@a1689e8, org.springframework.boot.test.mock.mockito.ResetMocksTestExecutionListener@4bb644dc, org.springframework.boot.test.autoconfigure.restdocs.RestDocsTestExecutionListener@23b3afb4, org.springframework.boot.test.autoconfigure.web.client.MockRestServiceServerResetTestExecutionListener@2162598, org.springframework.boot.test.autoconfigure.web.servlet.MockMvcPrintOnlyOnFailureTestExecutionListener@3cf1b5fb, org.springframework.boot.test.autoconfigure.web.servlet.WebDriverTestExecutionListener@4598961d, org.springframework.boot.test.autoconfigure.webservices.client.MockWebServiceServerTestExecutionListener@7be85f15]
2022-05-20_19-06-48 [SpringApplicationShutdownHook] INFO  o.s.o.j.LocalContainerEntityManagerFactoryBean - Closing JPA EntityManagerFactory for persistence unit 'default'
2022-05-20_19-06-48 [SpringApplicationShutdownHook] INFO  o.h.t.s.i.SchemaDropperImpl$DelayedDropActionImpl - HHH000477: Starting delayed evictData of schema as part of SessionFactory shut-down'
2022-05-20_19-06-48 [SpringApplicationShutdownHook] INFO  com.zaxxer.hikari.HikariDataSource - HikariPool-1 - Shutdown initiated...
2022-05-20_19-06-48 [SpringApplicationShutdownHook] INFO  com.zaxxer.hikari.HikariDataSource - HikariPool-1 - Shutdown completed.
2022-05-20_19-06-48 [SpringApplicationShutdownHook] INFO  o.s.o.j.LocalContainerEntityManagerFactoryBean - Closing JPA EntityManagerFactory for persistence unit 'default'
2022-05-20_19-06-48 [SpringApplicationShutdownHook] INFO  o.h.t.s.i.SchemaDropperImpl$DelayedDropActionImpl - HHH000477: Starting delayed evictData of schema as part of SessionFactory shut-down'
2022-05-20_19-06-48 [SpringApplicationShutdownHook] INFO  com.zaxxer.hikari.HikariDataSource - HikariPool-2 - Shutdown initiated...
2022-05-20_19-06-48 [SpringApplicationShutdownHook] INFO  com.zaxxer.hikari.HikariDataSource - HikariPool-2 - Shutdown completed.
2022-05-20_19-06-24 [SpringApplicationShutdownHook] INFO  o.s.o.j.LocalContainerEntityManagerFactoryBean - Closing JPA EntityManagerFactory for persistence unit 'default'
2022-05-20_19-06-24 [SpringApplicationShutdownHook] INFO  o.h.t.s.i.SchemaDropperImpl$DelayedDropActionImpl - HHH000477: Starting delayed evictData of schema as part of SessionFactory shut-down'
2022-05-20_19-06-24 [SpringApplicationShutdownHook] INFO  com.zaxxer.hikari.HikariDataSource - HikariPool-3 - Shutdown initiated...
2022-05-20_19-06-24 [SpringApplicationShutdownHook] INFO  com.zaxxer.hikari.HikariDataSource - HikariPool-3 - Shutdown completed.
2022-05-20_20-35-27 [main] INFO  o.s.b.t.c.SpringBootTestContextBootstrapper - Neither @ContextConfiguration nor @ContextHierarchy found for test class [com.pms.detail.controller.PensionerDetailControllerTest], using SpringBootContextLoader
2022-05-20_20-35-27 [main] INFO  o.s.t.c.s.AbstractContextLoader - Could not detect default resource locations for test class [com.pms.detail.controller.PensionerDetailControllerTest]: no resource found for suffixes {-context.xml, Context.groovy}.
2022-05-20_20-35-27 [main] INFO  o.s.t.c.s.AnnotationConfigContextLoaderUtils - Could not detect default configuration classes for test class [com.pms.detail.controller.PensionerDetailControllerTest]: PensionerDetailControllerTest does not declare any static, non-private, non-final, nested classes annotated with @Configuration.
2022-05-20_20-35-27 [main] INFO  o.s.b.t.c.SpringBootTestContextBootstrapper - Found @SpringBootConfiguration com.pms.detail.PensionerDetailServiceApplication for test class com.pms.detail.controller.PensionerDetailControllerTest
2022-05-20_20-35-27 [main] INFO  o.s.b.t.c.SpringBootTestContextBootstrapper - Loaded default TestExecutionListener class names from location [META-INF/spring.factories]: [org.springframework.boot.test.mock.mockito.MockitoTestExecutionListener, org.springframework.boot.test.mock.mockito.ResetMocksTestExecutionListener, org.springframework.boot.test.autoconfigure.restdocs.RestDocsTestExecutionListener, org.springframework.boot.test.autoconfigure.web.client.MockRestServiceServerResetTestExecutionListener, org.springframework.boot.test.autoconfigure.web.servlet.MockMvcPrintOnlyOnFailureTestExecutionListener, org.springframework.boot.test.autoconfigure.web.servlet.WebDriverTestExecutionListener, org.springframework.boot.test.autoconfigure.webservices.client.MockWebServiceServerTestExecutionListener, org.springframework.test.context.web.ServletTestExecutionListener, org.springframework.test.context.support.DirtiesContextBeforeModesTestExecutionListener, org.springframework.test.context.event.ApplicationEventsTestExecutionListener, org.springframework.test.context.support.DependencyInjectionTestExecutionListener, org.springframework.test.context.support.DirtiesContextTestExecutionListener, org.springframework.test.context.transaction.TransactionalTestExecutionListener, org.springframework.test.context.jdbc.SqlScriptsTestExecutionListener, org.springframework.test.context.event.EventPublishingTestExecutionListener]
2022-05-20_20-35-27 [main] INFO  o.s.b.t.c.SpringBootTestContextBootstrapper - Using TestExecutionListeners: [org.springframework.test.context.web.ServletTestExecutionListener@4397ad89, org.springframework.test.context.support.DirtiesContextBeforeModesTestExecutionListener@59cba5a, org.springframework.test.context.event.ApplicationEventsTestExecutionListener@1bd39d3c, org.springframework.boot.test.mock.mockito.MockitoTestExecutionListener@6f19ac19, org.springframework.boot.test.autoconfigure.SpringBootDependencyInjectionTestExecutionListener@119cbf96, org.springframework.test.context.support.DirtiesContextTestExecutionListener@71329995, org.springframework.test.context.transaction.TransactionalTestExecutionListener@768fc0f2, org.springframework.test.context.jdbc.SqlScriptsTestExecutionListener@5454d35e, org.springframework.test.context.event.EventPublishingTestExecutionListener@20c0a64d, org.springframework.boot.test.mock.mockito.ResetMocksTestExecutionListener@455b6df1, org.springframework.boot.test.autoconfigure.restdocs.RestDocsTestExecutionListener@4ddbbdf8, org.springframework.boot.test.autoconfigure.web.client.MockRestServiceServerResetTestExecutionListener@3f67593e, org.springframework.boot.test.autoconfigure.web.servlet.MockMvcPrintOnlyOnFailureTestExecutionListener@1ab06251, org.springframework.boot.test.autoconfigure.web.servlet.WebDriverTestExecutionListener@41ab013, org.springframework.boot.test.autoconfigure.webservices.client.MockWebServiceServerTestExecutionListener@14bee915]
2022-05-20_20-35-31 [main] INFO  c.p.d.c.PensionerDetailControllerTest - Starting PensionerDetailControllerTest using Java 1.8.0_261 on DESKTOP-N8K6OFJ with PID 12072 (started by AYAN ADAK in H:\Pension-management-system\pensioner-detail-service)
2022-05-20_20-35-31 [main] INFO  c.p.d.c.PensionerDetailControllerTest - No active profile set, falling back to default profiles: default
2022-05-20_20-35-31 [main] INFO  o.s.d.r.c.RepositoryConfigurationDelegate - Bootstrapping Spring Data JPA repositories in DEFAULT mode.
2022-05-20_20-35-31 [main] INFO  o.s.d.r.c.RepositoryConfigurationDelegate - Finished Spring Data repository scanning in 157 ms. Found 1 JPA repository interfaces.
2022-05-20_20-35-31 [main] INFO  o.s.cloud.context.scope.GenericScope - BeanFactory id=346d7683-cf75-38b2-b97d-446c1898dd5d
2022-05-20_20-35-31 [main] INFO  com.zaxxer.hikari.HikariDataSource - HikariPool-1 - Starting...
2022-05-20_20-35-31 [main] INFO  com.zaxxer.hikari.HikariDataSource - HikariPool-1 - Start completed.
2022-05-20_20-35-31 [main] INFO  o.h.jpa.internal.util.LogHelper - HHH000204: Processing PersistenceUnitInfo [name: default]
2022-05-20_20-35-31 [main] INFO  org.hibernate.Version - HHH000412: Hibernate ORM core version 5.6.3.Final
2022-05-20_20-35-31 [main] INFO  o.h.annotations.common.Version - HCANN000001: Hibernate Commons Annotations {5.1.2.Final}
2022-05-20_20-35-31 [main] INFO  org.hibernate.dialect.Dialect - HHH000400: Using dialect: org.hibernate.dialect.H2Dialect
2022-05-20_20-35-31 [main] INFO  o.h.e.t.j.p.i.JtaPlatformInitiator - HHH000490: Using JtaPlatform implementation: [org.hibernate.engine.transaction.jta.platform.internal.NoJtaPlatform]
2022-05-20_20-35-31 [main] INFO  o.s.o.j.LocalContainerEntityManagerFactoryBean - Initialized JPA EntityManagerFactory for persistence unit 'default'
2022-05-20_20-35-31 [main] INFO  o.s.b.a.h.H2ConsoleAutoConfiguration - H2 console available at '/db'. Database available at 'jdbc:h2:mem:pms_db'
2022-05-20_20-35-31 [main] INFO  o.s.b.t.m.w.SpringBootMockServletContext - Initializing Spring TestDispatcherServlet ''
2022-05-20_20-35-31 [main] INFO  o.s.t.w.s.TestDispatcherServlet - Initializing Servlet ''
2022-05-20_20-35-31 [main] INFO  o.s.t.w.s.TestDispatcherServlet - Completed initialization in 6 ms
2022-05-20_20-35-31 [main] INFO  c.p.d.c.PensionerDetailControllerTest - Started PensionerDetailControllerTest in 24.344 seconds (JVM running for 29.042)
2022-05-20_20-35-31 [main] INFO  c.p.d.c.PensionerDetailController - Token valid :true
2022-05-20_20-35-31 [main] INFO  c.p.d.c.PensionerDetailController - Token valid :true
2022-05-20_20-35-31 [main] INFO  c.p.d.c.PensionerDetailController - Token valid :true
2022-05-20_20-35-31 [main] INFO  o.s.b.t.c.SpringBootTestContextBootstrapper - Neither @ContextConfiguration nor @ContextHierarchy found for test class [com.pms.detail.PensionerDetailServiceApplicationTests], using SpringBootContextLoader
2022-05-20_20-35-31 [main] INFO  o.s.t.c.s.AbstractContextLoader - Could not detect default resource locations for test class [com.pms.detail.PensionerDetailServiceApplicationTests]: no resource found for suffixes {-context.xml, Context.groovy}.
2022-05-20_20-35-31 [main] INFO  o.s.t.c.s.AnnotationConfigContextLoaderUtils - Could not detect default configuration classes for test class [com.pms.detail.PensionerDetailServiceApplicationTests]: PensionerDetailServiceApplicationTests does not declare any static, non-private, non-final, nested classes annotated with @Configuration.
2022-05-20_20-35-31 [main] INFO  o.s.b.t.c.SpringBootTestContextBootstrapper - Found @SpringBootConfiguration com.pms.detail.PensionerDetailServiceApplication for test class com.pms.detail.PensionerDetailServiceApplicationTests
2022-05-20_20-35-31 [main] INFO  o.s.b.t.c.SpringBootTestContextBootstrapper - Loaded default TestExecutionListener class names from location [META-INF/spring.factories]: [org.springframework.boot.test.mock.mockito.MockitoTestExecutionListener, org.springframework.boot.test.mock.mockito.ResetMocksTestExecutionListener, org.springframework.boot.test.autoconfigure.restdocs.RestDocsTestExecutionListener, org.springframework.boot.test.autoconfigure.web.client.MockRestServiceServerResetTestExecutionListener, org.springframework.boot.test.autoconfigure.web.servlet.MockMvcPrintOnlyOnFailureTestExecutionListener, org.springframework.boot.test.autoconfigure.web.servlet.WebDriverTestExecutionListener, org.springframework.boot.test.autoconfigure.webservices.client.MockWebServiceServerTestExecutionListener, org.springframework.test.context.web.ServletTestExecutionListener, org.springframework.test.context.support.DirtiesContextBeforeModesTestExecutionListener, org.springframework.test.context.event.ApplicationEventsTestExecutionListener, org.springframework.test.context.support.DependencyInjectionTestExecutionListener, org.springframework.test.context.support.DirtiesContextTestExecutionListener, org.springframework.test.context.transaction.TransactionalTestExecutionListener, org.springframework.test.context.jdbc.SqlScriptsTestExecutionListener, org.springframework.test.context.event.EventPublishingTestExecutionListener]
2022-05-20_20-35-31 [main] INFO  o.s.b.t.c.SpringBootTestContextBootstrapper - Using TestExecutionListeners: [org.springframework.test.context.web.ServletTestExecutionListener@2a2815cc, org.springframework.test.context.support.DirtiesContextBeforeModesTestExecutionListener@18fa5af6, org.springframework.test.context.event.ApplicationEventsTestExecutionListener@7fdabb3b, org.springframework.boot.test.mock.mockito.MockitoTestExecutionListener@7164e28a, org.springframework.boot.test.autoconfigure.SpringBootDependencyInjectionTestExecutionListener@1b881f1f, org.springframework.test.context.support.DirtiesContextTestExecutionListener@51efdb72, org.springframework.test.context.transaction.TransactionalTestExecutionListener@7bc6b117, org.springframework.test.context.jdbc.SqlScriptsTestExecutionListener@2de07c57, org.springframework.test.context.event.EventPublishingTestExecutionListener@76cbee13, org.springframework.boot.test.mock.mockito.ResetMocksTestExecutionListener@59d09ff3, org.springframework.boot.test.autoconfigure.restdocs.RestDocsTestExecutionListener@17d0d3d7, org.springframework.boot.test.autoconfigure.web.client.MockRestServiceServerResetTestExecutionListener@39fc17be, org.springframework.boot.test.autoconfigure.web.servlet.MockMvcPrintOnlyOnFailureTestExecutionListener@106edde4, org.springframework.boot.test.autoconfigure.web.servlet.WebDriverTestExecutionListener@4d9cf71d, org.springframework.boot.test.autoconfigure.webservices.client.MockWebServiceServerTestExecutionListener@5c43cb12]
2022-05-20_20-35-55 [main] INFO  c.p.d.PensionerDetailServiceApplicationTests - Starting PensionerDetailServiceApplicationTests using Java 1.8.0_261 on DESKTOP-N8K6OFJ with PID 12072 (started by AYAN ADAK in H:\Pension-management-system\pensioner-detail-service)
2022-05-20_20-35-55 [main] INFO  c.p.d.PensionerDetailServiceApplicationTests - No active profile set, falling back to default profiles: default
2022-05-20_20-35-55 [main] INFO  o.s.d.r.c.RepositoryConfigurationDelegate - Bootstrapping Spring Data JPA repositories in DEFAULT mode.
2022-05-20_20-35-55 [main] INFO  o.s.d.r.c.RepositoryConfigurationDelegate - Finished Spring Data repository scanning in 15 ms. Found 1 JPA repository interfaces.
2022-05-20_20-35-55 [main] INFO  o.s.cloud.context.scope.GenericScope - BeanFactory id=9edbc9df-359b-32b3-9d35-c8e73a489be9
2022-05-20_20-35-55 [main] INFO  com.zaxxer.hikari.HikariDataSource - HikariPool-2 - Starting...
2022-05-20_20-35-55 [main] INFO  com.zaxxer.hikari.HikariDataSource - HikariPool-2 - Start completed.
2022-05-20_20-35-55 [main] INFO  o.h.jpa.internal.util.LogHelper - HHH000204: Processing PersistenceUnitInfo [name: default]
2022-05-20_20-35-55 [main] INFO  org.hibernate.dialect.Dialect - HHH000400: Using dialect: org.hibernate.dialect.H2Dialect
2022-05-20_20-35-55 [main] INFO  o.h.e.t.j.p.i.JtaPlatformInitiator - HHH000490: Using JtaPlatform implementation: [org.hibernate.engine.transaction.jta.platform.internal.NoJtaPlatform]
2022-05-20_20-35-55 [main] INFO  o.s.o.j.LocalContainerEntityManagerFactoryBean - Initialized JPA EntityManagerFactory for persistence unit 'default'
2022-05-20_20-35-55 [main] INFO  o.s.b.a.h.H2ConsoleAutoConfiguration - H2 console available at '/db'. Database available at 'jdbc:h2:mem:pms_db'
2022-05-20_20-35-55 [main] INFO  c.p.d.PensionerDetailServiceApplicationTests - Started PensionerDetailServiceApplicationTests in 5.681 seconds (JVM running for 35.695)
2022-05-20_20-35-55 [main] INFO  o.s.b.t.c.SpringBootTestContextBootstrapper - Neither @ContextConfiguration nor @ContextHierarchy found for test class [com.pms.detail.service.PensionerDetailServiceTest], using SpringBootContextLoader
2022-05-20_20-35-55 [main] INFO  o.s.t.c.s.AbstractContextLoader - Could not detect default resource locations for test class [com.pms.detail.service.PensionerDetailServiceTest]: no resource found for suffixes {-context.xml, Context.groovy}.
2022-05-20_20-35-55 [main] INFO  o.s.t.c.s.AnnotationConfigContextLoaderUtils - Could not detect default configuration classes for test class [com.pms.detail.service.PensionerDetailServiceTest]: PensionerDetailServiceTest does not declare any static, non-private, non-final, nested classes annotated with @Configuration.
2022-05-20_20-35-55 [main] INFO  o.s.b.t.c.SpringBootTestContextBootstrapper - Found @SpringBootConfiguration com.pms.detail.PensionerDetailServiceApplication for test class com.pms.detail.service.PensionerDetailServiceTest
2022-05-20_20-35-55 [main] INFO  o.s.b.t.c.SpringBootTestContextBootstrapper - Loaded default TestExecutionListener class names from location [META-INF/spring.factories]: [org.springframework.boot.test.mock.mockito.MockitoTestExecutionListener, org.springframework.boot.test.mock.mockito.ResetMocksTestExecutionListener, org.springframework.boot.test.autoconfigure.restdocs.RestDocsTestExecutionListener, org.springframework.boot.test.autoconfigure.web.client.MockRestServiceServerResetTestExecutionListener, org.springframework.boot.test.autoconfigure.web.servlet.MockMvcPrintOnlyOnFailureTestExecutionListener, org.springframework.boot.test.autoconfigure.web.servlet.WebDriverTestExecutionListener, org.springframework.boot.test.autoconfigure.webservices.client.MockWebServiceServerTestExecutionListener, org.springframework.test.context.web.ServletTestExecutionListener, org.springframework.test.context.support.DirtiesContextBeforeModesTestExecutionListener, org.springframework.test.context.event.ApplicationEventsTestExecutionListener, org.springframework.test.context.support.DependencyInjectionTestExecutionListener, org.springframework.test.context.support.DirtiesContextTestExecutionListener, org.springframework.test.context.transaction.TransactionalTestExecutionListener, org.springframework.test.context.jdbc.SqlScriptsTestExecutionListener, org.springframework.test.context.event.EventPublishingTestExecutionListener]
2022-05-20_20-35-55 [main] INFO  o.s.b.t.c.SpringBootTestContextBootstrapper - Using TestExecutionListeners: [org.springframework.test.context.web.ServletTestExecutionListener@4d73d3d1, org.springframework.test.context.support.DirtiesContextBeforeModesTestExecutionListener@eef6e, org.springframework.test.context.event.ApplicationEventsTestExecutionListener@56b66cc6, org.springframework.boot.test.mock.mockito.MockitoTestExecutionListener@6f076c53, org.springframework.boot.test.autoconfigure.SpringBootDependencyInjectionTestExecutionListener@3c39c739, org.springframework.test.context.support.DirtiesContextTestExecutionListener@4b3b2a4f, org.springframework.test.context.transaction.TransactionalTestExecutionListener@2e8eafb2, org.springframework.test.context.jdbc.SqlScriptsTestExecutionListener@7a3f3bc4, org.springframework.test.context.event.EventPublishingTestExecutionListener@8cd2bb5, org.springframework.boot.test.mock.mockito.ResetMocksTestExecutionListener@1a3611b1, org.springframework.boot.test.autoconfigure.restdocs.RestDocsTestExecutionListener@419ece7a, org.springframework.boot.test.autoconfigure.web.client.MockRestServiceServerResetTestExecutionListener@427c2c96, org.springframework.boot.test.autoconfigure.web.servlet.MockMvcPrintOnlyOnFailureTestExecutionListener@238d27ef, org.springframework.boot.test.autoconfigure.web.servlet.WebDriverTestExecutionListener@91c11b6, org.springframework.boot.test.autoconfigure.webservices.client.MockWebServiceServerTestExecutionListener@3ec6f3f1]
2022-05-20_20-35-55 [main] INFO  o.s.b.t.c.SpringBootTestContextBootstrapper - Neither @ContextConfiguration nor @ContextHierarchy found for test class [com.pms.detail.util.CsvToListConverterTest], using SpringBootContextLoader
2022-05-20_20-35-55 [main] INFO  o.s.t.c.s.AbstractContextLoader - Could not detect default resource locations for test class [com.pms.detail.util.CsvToListConverterTest]: no resource found for suffixes {-context.xml, Context.groovy}.
2022-05-20_20-35-55 [main] INFO  o.s.t.c.s.AnnotationConfigContextLoaderUtils - Could not detect default configuration classes for test class [com.pms.detail.util.CsvToListConverterTest]: CsvToListConverterTest does not declare any static, non-private, non-final, nested classes annotated with @Configuration.
2022-05-20_20-35-55 [main] INFO  o.s.b.t.c.SpringBootTestContextBootstrapper - Found @SpringBootConfiguration com.pms.detail.PensionerDetailServiceApplication for test class com.pms.detail.util.CsvToListConverterTest
2022-05-20_20-35-55 [main] INFO  o.s.b.t.c.SpringBootTestContextBootstrapper - Loaded default TestExecutionListener class names from location [META-INF/spring.factories]: [org.springframework.boot.test.mock.mockito.MockitoTestExecutionListener, org.springframework.boot.test.mock.mockito.ResetMocksTestExecutionListener, org.springframework.boot.test.autoconfigure.restdocs.RestDocsTestExecutionListener, org.springframework.boot.test.autoconfigure.web.client.MockRestServiceServerResetTestExecutionListener, org.springframework.boot.test.autoconfigure.web.servlet.MockMvcPrintOnlyOnFailureTestExecutionListener, org.springframework.boot.test.autoconfigure.web.servlet.WebDriverTestExecutionListener, org.springframework.boot.test.autoconfigure.webservices.client.MockWebServiceServerTestExecutionListener, org.springframework.test.context.web.ServletTestExecutionListener, org.springframework.test.context.support.DirtiesContextBeforeModesTestExecutionListener, org.springframework.test.context.event.ApplicationEventsTestExecutionListener, org.springframework.test.context.support.DependencyInjectionTestExecutionListener, org.springframework.test.context.support.DirtiesContextTestExecutionListener, org.springframework.test.context.transaction.TransactionalTestExecutionListener, org.springframework.test.context.jdbc.SqlScriptsTestExecutionListener, org.springframework.test.context.event.EventPublishingTestExecutionListener]
2022-05-20_20-35-55 [main] INFO  o.s.b.t.c.SpringBootTestContextBootstrapper - Using TestExecutionListeners: [org.springframework.test.context.web.ServletTestExecutionListener@306c8e09, org.springframework.test.context.support.DirtiesContextBeforeModesTestExecutionListener@87df88d, org.springframework.test.context.event.ApplicationEventsTestExecutionListener@4f3b11e6, org.springframework.boot.test.mock.mockito.MockitoTestExecutionListener@28da5c4d, org.springframework.boot.test.autoconfigure.SpringBootDependencyInjectionTestExecutionListener@7c928399, org.springframework.test.context.support.DirtiesContextTestExecutionListener@1bcca516, org.springframework.test.context.transaction.TransactionalTestExecutionListener@cef23a8, org.springframework.test.context.jdbc.SqlScriptsTestExecutionListener@762d2e4c, org.springframework.test.context.event.EventPublishingTestExecutionListener@1e4bf55b, org.springframework.boot.test.mock.mockito.ResetMocksTestExecutionListener@60510791, org.springframework.boot.test.autoconfigure.restdocs.RestDocsTestExecutionListener@15d68a50, org.springframework.boot.test.autoconfigure.web.client.MockRestServiceServerResetTestExecutionListener@a1689e8, org.springframework.boot.test.autoconfigure.web.servlet.MockMvcPrintOnlyOnFailureTestExecutionListener@4bb644dc, org.springframework.boot.test.autoconfigure.web.servlet.WebDriverTestExecutionListener@23b3afb4, org.springframework.boot.test.autoconfigure.webservices.client.MockWebServiceServerTestExecutionListener@2162598]
2022-05-20_20-35-55 [SpringApplicationShutdownHook] INFO  o.s.o.j.LocalContainerEntityManagerFactoryBean - Closing JPA EntityManagerFactory for persistence unit 'default'
2022-05-20_20-35-55 [SpringApplicationShutdownHook] INFO  o.h.t.s.i.SchemaDropperImpl$DelayedDropActionImpl - HHH000477: Starting delayed evictData of schema as part of SessionFactory shut-down'
2022-05-20_20-35-55 [SpringApplicationShutdownHook] INFO  com.zaxxer.hikari.HikariDataSource - HikariPool-1 - Shutdown initiated...
2022-05-20_20-35-55 [SpringApplicationShutdownHook] INFO  com.zaxxer.hikari.HikariDataSource - HikariPool-1 - Shutdown completed.
2022-05-20_20-35-55 [SpringApplicationShutdownHook] INFO  o.s.o.j.LocalContainerEntityManagerFactoryBean - Closing JPA EntityManagerFactory for persistence unit 'default'
2022-05-20_20-35-55 [SpringApplicationShutdownHook] INFO  o.h.t.s.i.SchemaDropperImpl$DelayedDropActionImpl - HHH000477: Starting delayed evictData of schema as part of SessionFactory shut-down'
2022-05-20_20-35-55 [SpringApplicationShutdownHook] INFO  com.zaxxer.hikari.HikariDataSource - HikariPool-2 - Shutdown initiated...
2022-05-20_20-35-55 [SpringApplicationShutdownHook] INFO  com.zaxxer.hikari.HikariDataSource - HikariPool-2 - Shutdown completed.
