2022-05-07_17-47-15 [restartedMain] INFO  c.p.p.ProcessPensionServiceApplication - Starting ProcessPensionServiceApplication using Java 1.8.0_261 on DESKTOP-N8K6OFJ with PID 5348 (H:\pension-management-system-main\process-pension-service\target\classes started by AYAN ADAK in H:\pension-management-system-main\process-pension-service)
2022-05-07_17-47-15 [restartedMain] INFO  c.p.p.ProcessPensionServiceApplication - No active profile set, falling back to default profiles: default
2022-05-07_17-47-15 [restartedMain] INFO  o.s.b.d.e.DevToolsPropertyDefaultsPostProcessor - Devtools property defaults active! Set 'spring.devtools.add-properties' to 'false' to disable
2022-05-07_17-47-15 [restartedMain] INFO  o.s.b.d.e.DevToolsPropertyDefaultsPostProcessor - For additional web related logging consider setting the 'logging.level.web' property to 'DEBUG'
2022-05-07_17-47-15 [restartedMain] INFO  o.s.cloud.context.scope.GenericScope - BeanFactory id=d1c6f28c-6b92-3078-acb9-5b4b63b2ae5c
2022-05-07_17-47-15 [restartedMain] INFO  o.s.b.w.e.tomcat.TomcatWebServer - Tomcat initialized with port(s): 8100 (http)
2022-05-07_17-47-15 [restartedMain] INFO  o.a.coyote.http11.Http11NioProtocol - Initializing ProtocolHandler ["http-nio-8100"]
2022-05-07_17-47-15 [restartedMain] INFO  o.a.catalina.core.StandardService - Starting service [Tomcat]
2022-05-07_17-47-15 [restartedMain] INFO  o.a.catalina.core.StandardEngine - Starting Servlet engine: [Apache Tomcat/9.0.56]
2022-05-07_17-47-15 [restartedMain] INFO  o.a.c.c.C.[.[localhost].[/process] - Initializing Spring embedded WebApplicationContext
2022-05-07_17-47-15 [restartedMain] INFO  o.s.b.w.s.c.ServletWebServerApplicationContext - Root WebApplicationContext: initialization completed in 3172 ms
2022-05-07_17-47-15 [restartedMain] INFO  o.s.b.d.a.OptionalLiveReloadServer - LiveReload server is running on port 35729
2022-05-07_17-47-15 [restartedMain] INFO  o.a.coyote.http11.Http11NioProtocol - Starting ProtocolHandler ["http-nio-8100"]
2022-05-07_17-47-15 [restartedMain] INFO  o.s.b.w.e.tomcat.TomcatWebServer - Tomcat started on port(s): 8100 (http) with context path '/process'
2022-05-07_17-47-15 [restartedMain] INFO  c.p.p.ProcessPensionServiceApplication - Started ProcessPensionServiceApplication in 7.964 seconds (JVM running for 9.634)
2022-05-07_17-47-15 [http-nio-8100-exec-1] INFO  o.a.c.c.C.[.[localhost].[/process] - Initializing Spring DispatcherServlet 'dispatcherServlet'
2022-05-07_17-47-15 [http-nio-8100-exec-1] INFO  o.s.web.servlet.DispatcherServlet - Initializing Servlet 'dispatcherServlet'
2022-05-07_17-47-15 [http-nio-8100-exec-1] INFO  o.s.web.servlet.DispatcherServlet - Completed initialization in 116 ms
2022-05-07_17-47-15 [http-nio-8100-exec-2] INFO  c.p.p.c.ProcessPensionController - Token valid :true
2022-05-07_17-47-15 [http-nio-8100-exec-4] INFO  c.p.p.c.ProcessPensionController - Token valid :true
2022-05-07_17-47-15 [http-nio-8100-exec-6] INFO  c.p.p.c.ProcessPensionController - Token valid :true
2022-05-07_18-53-14 [restartedMain] INFO  c.p.p.ProcessPensionServiceApplication - Starting ProcessPensionServiceApplication using Java 1.8.0_261 on DESKTOP-N8K6OFJ with PID 8468 (H:\pension-management-system-main\process-pension-service\target\classes started by AYAN ADAK in H:\pension-management-system-main\process-pension-service)
2022-05-07_18-53-14 [restartedMain] INFO  c.p.p.ProcessPensionServiceApplication - No active profile set, falling back to default profiles: default
2022-05-07_18-53-14 [restartedMain] INFO  o.s.b.d.e.DevToolsPropertyDefaultsPostProcessor - Devtools property defaults active! Set 'spring.devtools.add-properties' to 'false' to disable
2022-05-07_18-53-14 [restartedMain] INFO  o.s.b.d.e.DevToolsPropertyDefaultsPostProcessor - For additional web related logging consider setting the 'logging.level.web' property to 'DEBUG'
2022-05-07_18-53-14 [restartedMain] INFO  o.s.cloud.context.scope.GenericScope - BeanFactory id=d1c6f28c-6b92-3078-acb9-5b4b63b2ae5c
2022-05-07_18-53-14 [restartedMain] INFO  o.s.b.w.e.tomcat.TomcatWebServer - Tomcat initialized with port(s): 8100 (http)
2022-05-07_18-53-14 [restartedMain] INFO  o.a.coyote.http11.Http11NioProtocol - Initializing ProtocolHandler ["http-nio-8100"]
2022-05-07_18-53-14 [restartedMain] INFO  o.a.catalina.core.StandardService - Starting service [Tomcat]
2022-05-07_18-53-14 [restartedMain] INFO  o.a.catalina.core.StandardEngine - Starting Servlet engine: [Apache Tomcat/9.0.56]
2022-05-07_18-53-14 [restartedMain] INFO  o.a.c.c.C.[.[localhost].[/process] - Initializing Spring embedded WebApplicationContext
2022-05-07_18-53-14 [restartedMain] INFO  o.s.b.w.s.c.ServletWebServerApplicationContext - Root WebApplicationContext: initialization completed in 4158 ms
2022-05-07_18-53-14 [restartedMain] INFO  o.a.coyote.http11.Http11NioProtocol - Starting ProtocolHandler ["http-nio-8100"]
2022-05-07_18-53-14 [restartedMain] INFO  o.s.b.w.e.tomcat.TomcatWebServer - Tomcat started on port(s): 8100 (http) with context path '/process'
2022-05-07_18-53-14 [restartedMain] INFO  c.p.p.ProcessPensionServiceApplication - Started ProcessPensionServiceApplication in 10.182 seconds (JVM running for 12.294)
2022-05-07_18-53-14 [http-nio-8100-exec-1] INFO  o.a.c.c.C.[.[localhost].[/process] - Initializing Spring DispatcherServlet 'dispatcherServlet'
2022-05-07_18-53-14 [http-nio-8100-exec-1] INFO  o.s.web.servlet.DispatcherServlet - Initializing Servlet 'dispatcherServlet'
2022-05-07_18-53-14 [http-nio-8100-exec-1] INFO  o.s.web.servlet.DispatcherServlet - Completed initialization in 0 ms
2022-05-07_18-53-14 [http-nio-8100-exec-2] INFO  c.p.p.c.ProcessPensionController - Token valid :true
2022-05-07_18-53-14 [http-nio-8100-exec-4] INFO  c.p.p.c.ProcessPensionController - Token valid :true
2022-05-07_18-53-14 [http-nio-8100-exec-6] INFO  c.p.p.c.ProcessPensionController - Token valid :true
2022-05-07_18-53-14 [http-nio-8100-exec-8] INFO  c.p.p.c.ProcessPensionController - Token valid :true
2022-05-07_18-53-14 [http-nio-8100-exec-10] INFO  c.p.p.c.ProcessPensionController - Token valid :true
