2022-04-15_17-30-54 [restartedMain] INFO  c.p.d.PensionerDetailServiceApplication - Starting PensionerDetailServiceApplication using Java 1.8.0_261 on DESKTOP-N8K6OFJ with PID 7544 (H:\pension-management-system-main\pensioner-detail-service\target\classes started by AYAN ADAK in H:\pension-management-system-main\pensioner-detail-service)
2022-04-15_17-30-54 [restartedMain] INFO  c.p.d.PensionerDetailServiceApplication - No active profile set, falling back to default profiles: default
2022-04-15_17-30-54 [restartedMain] INFO  o.s.b.d.e.DevToolsPropertyDefaultsPostProcessor - Devtools property defaults active! Set 'spring.devtools.add-properties' to 'false' to disable
2022-04-15_17-30-54 [restartedMain] INFO  o.s.b.d.e.DevToolsPropertyDefaultsPostProcessor - For additional web related logging consider setting the 'logging.level.web' property to 'DEBUG'
2022-04-15_17-30-54 [restartedMain] INFO  o.s.d.r.c.RepositoryConfigurationDelegate - Bootstrapping Spring Data JPA repositories in DEFAULT mode.
2022-04-15_17-30-54 [restartedMain] INFO  o.s.d.r.c.RepositoryConfigurationDelegate - Finished Spring Data repository scanning in 13 ms. Found 0 JPA repository interfaces.
2022-04-15_17-30-54 [restartedMain] INFO  o.s.cloud.context.scope.GenericScope - BeanFactory id=1528ff07-f11f-30e2-8ea8-9f3a7b5e2ac4
2022-04-15_17-30-54 [restartedMain] INFO  o.s.b.w.e.tomcat.TomcatWebServer - Tomcat initialized with port(s): 8200 (http)
2022-04-15_17-30-54 [restartedMain] INFO  o.a.coyote.http11.Http11NioProtocol - Initializing ProtocolHandler ["http-nio-8200"]
2022-04-15_17-30-54 [restartedMain] INFO  o.a.catalina.core.StandardService - Starting service [Tomcat]
2022-04-15_17-30-54 [restartedMain] INFO  o.a.catalina.core.StandardEngine - Starting Servlet engine: [Apache Tomcat/9.0.56]
2022-04-15_17-30-54 [restartedMain] INFO  o.a.c.c.C.[.[localhost].[/pensioner] - Initializing Spring embedded WebApplicationContext
2022-04-15_17-30-54 [restartedMain] INFO  o.s.b.w.s.c.ServletWebServerApplicationContext - Root WebApplicationContext: initialization completed in 3437 ms
2022-04-15_17-30-54 [restartedMain] INFO  com.zaxxer.hikari.HikariDataSource - HikariPool-1 - Starting...
2022-04-15_17-30-54 [restartedMain] INFO  com.zaxxer.hikari.HikariDataSource - HikariPool-1 - Start completed.
2022-04-15_17-30-54 [restartedMain] INFO  o.s.b.a.h.H2ConsoleAutoConfiguration - H2 console available at '/db'. Database available at 'jdbc:h2:mem:pms_db'
2022-04-15_17-30-54 [restartedMain] INFO  o.h.jpa.internal.util.LogHelper - HHH000204: Processing PersistenceUnitInfo [name: default]
2022-04-15_17-30-54 [restartedMain] INFO  org.hibernate.Version - HHH000412: Hibernate ORM core version 5.6.3.Final
2022-04-15_17-30-54 [restartedMain] INFO  o.h.annotations.common.Version - HCANN000001: Hibernate Commons Annotations {5.1.2.Final}
2022-04-15_17-30-54 [restartedMain] INFO  org.hibernate.dialect.Dialect - HHH000400: Using dialect: org.hibernate.dialect.H2Dialect
2022-04-15_17-30-54 [restartedMain] INFO  o.h.e.t.j.p.i.JtaPlatformInitiator - HHH000490: Using JtaPlatform implementation: [org.hibernate.engine.transaction.jta.platform.internal.NoJtaPlatform]
2022-04-15_17-30-54 [restartedMain] INFO  o.s.o.j.LocalContainerEntityManagerFactoryBean - Initialized JPA EntityManagerFactory for persistence unit 'default'
2022-04-15_17-30-54 [restartedMain] INFO  o.a.coyote.http11.Http11NioProtocol - Starting ProtocolHandler ["http-nio-8200"]
2022-04-15_17-30-54 [restartedMain] INFO  o.s.b.w.e.tomcat.TomcatWebServer - Tomcat started on port(s): 8200 (http) with context path '/pensioner'
2022-04-15_17-30-54 [restartedMain] INFO  c.p.d.PensionerDetailServiceApplication - Started PensionerDetailServiceApplication in 8.9 seconds (JVM running for 10.774)
2022-04-15_17-30-54 [http-nio-8200-exec-8] INFO  o.a.c.c.C.[.[localhost].[/pensioner] - Initializing Spring DispatcherServlet 'dispatcherServlet'
2022-04-15_17-30-54 [http-nio-8200-exec-8] INFO  o.s.web.servlet.DispatcherServlet - Initializing Servlet 'dispatcherServlet'
2022-04-15_17-30-54 [http-nio-8200-exec-8] INFO  o.s.web.servlet.DispatcherServlet - Completed initialization in 347 ms
2022-04-15_17-30-54 [http-nio-8200-exec-6] INFO  c.p.d.c.PensionerDetailController - Token valid :true
2022-04-15_17-30-54 [http-nio-8200-exec-1] INFO  c.p.d.c.PensionerDetailController - Token valid :true
2022-04-15_17-30-54 [http-nio-8200-exec-5] INFO  c.p.d.c.PensionerDetailController - Token valid :true
2022-04-15_17-30-54 [http-nio-8200-exec-4] INFO  c.p.d.c.PensionerDetailController - Token valid :true
2022-04-15_17-30-54 [http-nio-8200-exec-2] INFO  c.p.d.c.PensionerDetailController - Token valid :true
2022-04-15_17-30-54 [http-nio-8200-exec-10] INFO  c.p.d.c.PensionerDetailController - Token valid :true
2022-04-15_17-30-54 [http-nio-8200-exec-7] INFO  c.p.d.c.PensionerDetailController - Token valid :true
2022-04-15_17-30-54 [http-nio-8200-exec-8] INFO  c.p.d.c.PensionerDetailController - Token valid :true
2022-04-15_17-30-54 [http-nio-8200-exec-3] INFO  c.p.d.c.PensionerDetailController - Token valid :true
2022-04-15_17-30-54 [http-nio-8200-exec-5] INFO  c.p.d.c.PensionerDetailController - Token valid :true
2022-04-15_17-30-54 [http-nio-8200-exec-4] INFO  c.p.d.c.PensionerDetailController - Token valid :true
2022-04-15_17-30-54 [http-nio-8200-exec-2] INFO  c.p.d.c.PensionerDetailController - Token valid :true
2022-04-15_17-30-54 [http-nio-8200-exec-9] INFO  c.p.d.c.PensionerDetailController - Token valid :true
2022-04-15_17-30-54 [http-nio-8200-exec-10] INFO  c.p.d.c.PensionerDetailController - Token valid :true
2022-04-15_17-30-54 [http-nio-8200-exec-7] INFO  c.p.d.c.PensionerDetailController - Token valid :true
2022-04-15_17-30-54 [http-nio-8200-exec-8] INFO  c.p.d.c.PensionerDetailController - Token valid :true
2022-04-15_17-30-54 [http-nio-8200-exec-6] INFO  c.p.d.c.PensionerDetailController - Token valid :true
2022-04-15_17-30-54 [http-nio-8200-exec-3] INFO  c.p.d.c.PensionerDetailController - Token valid :true
2022-04-15_17-30-54 [http-nio-8200-exec-1] INFO  c.p.d.c.PensionerDetailController - Token valid :true
2022-04-15_17-30-54 [http-nio-8200-exec-5] INFO  c.p.d.c.PensionerDetailController - Token valid :true
2022-04-15_17-30-54 [http-nio-8200-exec-9] INFO  c.p.d.c.PensionerDetailController - Token valid :true
2022-04-15_17-30-54 [http-nio-8200-exec-7] INFO  c.p.d.c.PensionerDetailController - Token valid :true
2022-04-15_17-30-54 [SpringApplicationShutdownHook] INFO  o.s.o.j.LocalContainerEntityManagerFactoryBean - Closing JPA EntityManagerFactory for persistence unit 'default'
2022-04-15_17-30-54 [SpringApplicationShutdownHook] INFO  o.h.t.s.i.SchemaDropperImpl$DelayedDropActionImpl - HHH000477: Starting delayed evictData of schema as part of SessionFactory shut-down'
2022-04-15_17-30-54 [SpringApplicationShutdownHook] INFO  com.zaxxer.hikari.HikariDataSource - HikariPool-1 - Shutdown initiated...
2022-04-15_17-30-54 [SpringApplicationShutdownHook] INFO  com.zaxxer.hikari.HikariDataSource - HikariPool-1 - Shutdown completed.
2022-04-15_18-12-53 [restartedMain] INFO  c.p.d.PensionerDetailServiceApplication - Starting PensionerDetailServiceApplication using Java 1.8.0_261 on DESKTOP-N8K6OFJ with PID 15540 (H:\pension-management-system-main\pensioner-detail-service\target\classes started by AYAN ADAK in H:\pension-management-system-main\pensioner-detail-service)
2022-04-15_18-12-53 [restartedMain] INFO  c.p.d.PensionerDetailServiceApplication - No active profile set, falling back to default profiles: default
2022-04-15_18-12-53 [restartedMain] INFO  o.s.b.d.e.DevToolsPropertyDefaultsPostProcessor - Devtools property defaults active! Set 'spring.devtools.add-properties' to 'false' to disable
2022-04-15_18-12-53 [restartedMain] INFO  o.s.b.d.e.DevToolsPropertyDefaultsPostProcessor - For additional web related logging consider setting the 'logging.level.web' property to 'DEBUG'
2022-04-15_18-12-53 [restartedMain] INFO  o.s.d.r.c.RepositoryConfigurationDelegate - Bootstrapping Spring Data JPA repositories in DEFAULT mode.
2022-04-15_18-12-53 [restartedMain] INFO  o.s.d.r.c.RepositoryConfigurationDelegate - Finished Spring Data repository scanning in 10 ms. Found 0 JPA repository interfaces.
2022-04-15_18-12-53 [restartedMain] INFO  o.s.cloud.context.scope.GenericScope - BeanFactory id=1528ff07-f11f-30e2-8ea8-9f3a7b5e2ac4
2022-04-15_18-12-53 [restartedMain] INFO  o.s.b.w.e.tomcat.TomcatWebServer - Tomcat initialized with port(s): 8200 (http)
2022-04-15_18-12-53 [restartedMain] INFO  o.a.coyote.http11.Http11NioProtocol - Initializing ProtocolHandler ["http-nio-8200"]
2022-04-15_18-12-53 [restartedMain] INFO  o.a.catalina.core.StandardService - Starting service [Tomcat]
2022-04-15_18-12-53 [restartedMain] INFO  o.a.catalina.core.StandardEngine - Starting Servlet engine: [Apache Tomcat/9.0.56]
2022-04-15_18-12-53 [restartedMain] INFO  o.a.c.c.C.[.[localhost].[/pensioner] - Initializing Spring embedded WebApplicationContext
2022-04-15_18-12-53 [restartedMain] INFO  o.s.b.w.s.c.ServletWebServerApplicationContext - Root WebApplicationContext: initialization completed in 4158 ms
2022-04-15_18-12-53 [restartedMain] INFO  com.zaxxer.hikari.HikariDataSource - HikariPool-1 - Starting...
2022-04-15_18-12-53 [restartedMain] INFO  com.zaxxer.hikari.HikariDataSource - HikariPool-1 - Start completed.
2022-04-15_18-12-53 [restartedMain] INFO  o.s.b.a.h.H2ConsoleAutoConfiguration - H2 console available at '/db'. Database available at 'jdbc:h2:mem:pms_db'
2022-04-15_18-12-53 [restartedMain] INFO  o.h.jpa.internal.util.LogHelper - HHH000204: Processing PersistenceUnitInfo [name: default]
2022-04-15_18-12-53 [restartedMain] INFO  org.hibernate.Version - HHH000412: Hibernate ORM core version 5.6.3.Final
2022-04-15_18-12-53 [restartedMain] INFO  o.h.annotations.common.Version - HCANN000001: Hibernate Commons Annotations {5.1.2.Final}
2022-04-15_18-12-53 [restartedMain] INFO  org.hibernate.dialect.Dialect - HHH000400: Using dialect: org.hibernate.dialect.H2Dialect
2022-04-15_18-12-53 [restartedMain] INFO  o.h.e.t.j.p.i.JtaPlatformInitiator - HHH000490: Using JtaPlatform implementation: [org.hibernate.engine.transaction.jta.platform.internal.NoJtaPlatform]
2022-04-15_18-12-53 [restartedMain] INFO  o.s.o.j.LocalContainerEntityManagerFactoryBean - Initialized JPA EntityManagerFactory for persistence unit 'default'
2022-04-15_18-12-53 [restartedMain] INFO  o.a.coyote.http11.Http11NioProtocol - Starting ProtocolHandler ["http-nio-8200"]
2022-04-15_18-12-53 [restartedMain] INFO  o.s.b.w.e.tomcat.TomcatWebServer - Tomcat started on port(s): 8200 (http) with context path '/pensioner'
2022-04-15_18-12-53 [restartedMain] INFO  c.p.d.PensionerDetailServiceApplication - Started PensionerDetailServiceApplication in 11.265 seconds (JVM running for 14.417)
2022-04-15_18-12-53 [http-nio-8200-exec-1] INFO  o.a.c.c.C.[.[localhost].[/pensioner] - Initializing Spring DispatcherServlet 'dispatcherServlet'
2022-04-15_18-12-53 [http-nio-8200-exec-1] INFO  o.s.web.servlet.DispatcherServlet - Initializing Servlet 'dispatcherServlet'
2022-04-15_18-12-53 [http-nio-8200-exec-1] INFO  o.s.web.servlet.DispatcherServlet - Completed initialization in 1 ms
2022-04-15_18-12-53 [http-nio-8200-exec-1] INFO  c.p.d.c.PensionerDetailController - Token valid :true
2022-04-15_18-12-53 [http-nio-8200-exec-3] INFO  c.p.d.c.PensionerDetailController - Token valid :true
2022-04-15_18-12-53 [http-nio-8200-exec-5] INFO  c.p.d.c.PensionerDetailController - Token valid :true
2022-04-15_18-12-53 [http-nio-8200-exec-7] INFO  c.p.d.c.PensionerDetailController - Token valid :true
2022-04-15_18-12-53 [http-nio-8200-exec-9] INFO  c.p.d.c.PensionerDetailController - Token valid :true
2022-04-15_18-12-53 [http-nio-8200-exec-1] INFO  c.p.d.c.PensionerDetailController - Token valid :true
2022-04-15_18-12-53 [http-nio-8200-exec-3] INFO  c.p.d.c.PensionerDetailController - Token valid :true
2022-04-15_18-12-53 [http-nio-8200-exec-5] INFO  c.p.d.c.PensionerDetailController - Token valid :true
2022-04-15_18-12-53 [http-nio-8200-exec-7] INFO  c.p.d.c.PensionerDetailController - Token valid :true
2022-04-15_18-12-53 [http-nio-8200-exec-9] INFO  c.p.d.c.PensionerDetailController - Token valid :true
2022-04-15_18-12-53 [http-nio-8200-exec-1] INFO  c.p.d.c.PensionerDetailController - Token valid :true
2022-04-15_18-12-53 [http-nio-8200-exec-3] INFO  c.p.d.c.PensionerDetailController - Token valid :true
2022-04-15_18-12-53 [http-nio-8200-exec-5] INFO  c.p.d.c.PensionerDetailController - Token valid :true
2022-04-15_18-12-53 [http-nio-8200-exec-7] INFO  c.p.d.c.PensionerDetailController - Token valid :true
2022-04-15_18-12-53 [http-nio-8200-exec-8] INFO  c.p.d.c.PensionerDetailController - Token valid :true
2022-04-15_18-12-53 [http-nio-8200-exec-9] INFO  c.p.d.c.PensionerDetailController - Token valid :true
2022-04-15_18-12-53 [http-nio-8200-exec-10] INFO  c.p.d.c.PensionerDetailController - Token valid :true
2022-04-15_18-12-53 [http-nio-8200-exec-1] INFO  c.p.d.c.PensionerDetailController - Token valid :true
2022-04-15_18-12-53 [http-nio-8200-exec-3] INFO  c.p.d.c.PensionerDetailController - Token valid :true
2022-04-15_18-12-53 [http-nio-8200-exec-5] INFO  c.p.d.c.PensionerDetailController - Token valid :true
2022-04-15_18-12-53 [http-nio-8200-exec-6] INFO  c.p.d.c.PensionerDetailController - Token valid :true
2022-04-15_18-12-53 [http-nio-8200-exec-7] INFO  c.p.d.c.PensionerDetailController - Token valid :true
2022-04-15_18-12-53 [http-nio-8200-exec-8] INFO  c.p.d.c.PensionerDetailController - Token valid :true
2022-04-15_18-12-53 [http-nio-8200-exec-9] INFO  c.p.d.c.PensionerDetailController - Token valid :true
2022-04-15_18-12-53 [http-nio-8200-exec-10] INFO  c.p.d.c.PensionerDetailController - Token valid :true
2022-04-15_18-12-53 [http-nio-8200-exec-2] INFO  c.p.d.c.PensionerDetailController - Token valid :true
2022-04-15_18-12-53 [http-nio-8200-exec-4] INFO  c.p.d.c.PensionerDetailController - Token valid :true
2022-04-15_18-12-53 [http-nio-8200-exec-6] INFO  c.p.d.c.PensionerDetailController - Token valid :true
2022-04-15_18-12-53 [http-nio-8200-exec-7] INFO  c.p.d.c.PensionerDetailController - Token valid :true
2022-04-15_18-12-53 [http-nio-8200-exec-8] INFO  c.p.d.c.PensionerDetailController - Token valid :true
2022-04-15_18-12-53 [http-nio-8200-exec-9] INFO  c.p.d.c.PensionerDetailController - Token valid :true
2022-04-15_18-12-53 [http-nio-8200-exec-10] INFO  c.p.d.c.PensionerDetailController - Token valid :true
2022-04-15_18-12-53 [http-nio-8200-exec-1] INFO  c.p.d.c.PensionerDetailController - Token valid :true
2022-04-15_18-12-53 [http-nio-8200-exec-2] INFO  c.p.d.c.PensionerDetailController - Token valid :true
2022-04-15_18-12-53 [http-nio-8200-exec-3] INFO  c.p.d.c.PensionerDetailController - Token valid :true
2022-04-15_18-12-53 [http-nio-8200-exec-5] INFO  c.p.d.c.PensionerDetailController - Token valid :true
2022-04-15_18-12-53 [http-nio-8200-exec-6] INFO  c.p.d.c.PensionerDetailController - Token valid :true
2022-04-15_18-12-53 [http-nio-8200-exec-7] INFO  c.p.d.c.PensionerDetailController - Token valid :true
2022-04-15_18-12-53 [http-nio-8200-exec-8] INFO  c.p.d.c.PensionerDetailController - Token valid :true
2022-04-15_18-12-53 [http-nio-8200-exec-10] INFO  c.p.d.c.PensionerDetailController - Token valid :true
2022-04-15_18-12-53 [http-nio-8200-exec-3] INFO  c.p.d.c.PensionerDetailController - Token valid :true
