2022-05-07_17-47-30 [restartedMain] INFO  c.p.d.PensionerDetailServiceApplication - Starting PensionerDetailServiceApplication using Java 1.8.0_261 on DESKTOP-N8K6OFJ with PID 11836 (H:\pension-management-system-main\pensioner-detail-service\target\classes started by AYAN ADAK in H:\pension-management-system-main\pensioner-detail-service)
2022-05-07_17-47-30 [restartedMain] INFO  c.p.d.PensionerDetailServiceApplication - No active profile set, falling back to default profiles: default
2022-05-07_17-47-30 [restartedMain] INFO  o.s.b.d.e.DevToolsPropertyDefaultsPostProcessor - Devtools property defaults active! Set 'spring.devtools.add-properties' to 'false' to disable
2022-05-07_17-47-30 [restartedMain] INFO  o.s.b.d.e.DevToolsPropertyDefaultsPostProcessor - For additional web related logging consider setting the 'logging.level.web' property to 'DEBUG'
2022-05-07_17-47-30 [restartedMain] INFO  o.s.d.r.c.RepositoryConfigurationDelegate - Bootstrapping Spring Data JPA repositories in DEFAULT mode.
2022-05-07_17-47-30 [restartedMain] INFO  o.s.d.r.c.RepositoryConfigurationDelegate - Finished Spring Data repository scanning in 12 ms. Found 0 JPA repository interfaces.
2022-05-07_17-47-30 [restartedMain] INFO  o.s.cloud.context.scope.GenericScope - BeanFactory id=1528ff07-f11f-30e2-8ea8-9f3a7b5e2ac4
2022-05-07_17-47-30 [restartedMain] INFO  o.s.b.w.e.tomcat.TomcatWebServer - Tomcat initialized with port(s): 8200 (http)
2022-05-07_17-47-30 [restartedMain] INFO  o.a.coyote.http11.Http11NioProtocol - Initializing ProtocolHandler ["http-nio-8200"]
2022-05-07_17-47-30 [restartedMain] INFO  o.a.catalina.core.StandardService - Starting service [Tomcat]
2022-05-07_17-47-30 [restartedMain] INFO  o.a.catalina.core.StandardEngine - Starting Servlet engine: [Apache Tomcat/9.0.56]
2022-05-07_17-47-30 [restartedMain] INFO  o.a.c.c.C.[.[localhost].[/pensioner] - Initializing Spring embedded WebApplicationContext
2022-05-07_17-47-30 [restartedMain] INFO  o.s.b.w.s.c.ServletWebServerApplicationContext - Root WebApplicationContext: initialization completed in 5614 ms
2022-05-07_17-47-30 [restartedMain] INFO  com.zaxxer.hikari.HikariDataSource - HikariPool-1 - Starting...
2022-05-07_17-47-30 [restartedMain] INFO  com.zaxxer.hikari.HikariDataSource - HikariPool-1 - Start completed.
2022-05-07_17-47-30 [restartedMain] INFO  o.s.b.a.h.H2ConsoleAutoConfiguration - H2 console available at '/db'. Database available at 'jdbc:h2:mem:pms_db'
2022-05-07_17-47-30 [restartedMain] INFO  o.h.jpa.internal.util.LogHelper - HHH000204: Processing PersistenceUnitInfo [name: default]
2022-05-07_17-47-30 [restartedMain] INFO  org.hibernate.Version - HHH000412: Hibernate ORM core version 5.6.3.Final
2022-05-07_17-47-30 [restartedMain] INFO  o.h.annotations.common.Version - HCANN000001: Hibernate Commons Annotations {5.1.2.Final}
2022-05-07_17-47-30 [restartedMain] INFO  org.hibernate.dialect.Dialect - HHH000400: Using dialect: org.hibernate.dialect.H2Dialect
2022-05-07_17-47-30 [restartedMain] INFO  o.h.e.t.j.p.i.JtaPlatformInitiator - HHH000490: Using JtaPlatform implementation: [org.hibernate.engine.transaction.jta.platform.internal.NoJtaPlatform]
2022-05-07_17-47-30 [restartedMain] INFO  o.s.o.j.LocalContainerEntityManagerFactoryBean - Initialized JPA EntityManagerFactory for persistence unit 'default'
2022-05-07_17-47-30 [restartedMain] INFO  o.a.coyote.http11.Http11NioProtocol - Starting ProtocolHandler ["http-nio-8200"]
2022-05-07_17-47-30 [restartedMain] INFO  o.s.b.w.e.tomcat.TomcatWebServer - Tomcat started on port(s): 8200 (http) with context path '/pensioner'
2022-05-07_17-47-30 [restartedMain] INFO  c.p.d.PensionerDetailServiceApplication - Started PensionerDetailServiceApplication in 20.758 seconds (JVM running for 22.287)
2022-05-07_17-47-30 [http-nio-8200-exec-3] INFO  o.a.c.c.C.[.[localhost].[/pensioner] - Initializing Spring DispatcherServlet 'dispatcherServlet'
2022-05-07_17-47-30 [http-nio-8200-exec-3] INFO  o.s.web.servlet.DispatcherServlet - Initializing Servlet 'dispatcherServlet'
2022-05-07_17-47-30 [http-nio-8200-exec-3] INFO  o.s.web.servlet.DispatcherServlet - Completed initialization in 11 ms
2022-05-07_17-47-30 [http-nio-8200-exec-2] INFO  c.p.d.c.PensionerDetailController - Token valid :true
2022-05-07_17-47-30 [http-nio-8200-exec-6] INFO  c.p.d.c.PensionerDetailController - Token valid :true
2022-05-07_17-47-30 [http-nio-8200-exec-7] INFO  c.p.d.c.PensionerDetailController - Token valid :true
2022-05-07_17-47-30 [http-nio-8200-exec-10] INFO  c.p.d.c.PensionerDetailController - Token valid :true
2022-05-07_17-47-30 [http-nio-8200-exec-5] INFO  c.p.d.c.PensionerDetailController - Token valid :true
2022-05-07_17-47-30 [http-nio-8200-exec-1] INFO  c.p.d.c.PensionerDetailController - Token valid :true
2022-05-07_17-47-30 [http-nio-8200-exec-3] INFO  c.p.d.c.PensionerDetailController - Token valid :true
2022-05-07_17-47-30 [http-nio-8200-exec-2] INFO  c.p.d.c.PensionerDetailController - Token valid :true
2022-05-07_17-47-30 [http-nio-8200-exec-8] INFO  c.p.d.c.PensionerDetailController - Token valid :true
2022-05-07_17-47-30 [http-nio-8200-exec-6] INFO  c.p.d.c.PensionerDetailController - Token valid :true
2022-05-07_17-47-30 [http-nio-8200-exec-7] INFO  c.p.d.c.PensionerDetailController - Token valid :true
2022-05-07_17-47-30 [http-nio-8200-exec-5] INFO  c.p.d.c.PensionerDetailController - Token valid :true
2022-05-07_17-47-30 [http-nio-8200-exec-1] INFO  c.p.d.c.PensionerDetailController - Token valid :true
2022-05-07_17-47-30 [http-nio-8200-exec-4] INFO  c.p.d.c.PensionerDetailController - Token valid :true
2022-05-07_17-47-30 [http-nio-8200-exec-9] INFO  c.p.d.c.PensionerDetailController - Token valid :true
2022-05-07_17-47-30 [http-nio-8200-exec-2] INFO  c.p.d.c.PensionerDetailController - Token valid :true
2022-05-07_17-47-30 [http-nio-8200-exec-8] INFO  c.p.d.c.PensionerDetailController - Token valid :true
2022-05-07_17-47-30 [http-nio-8200-exec-6] INFO  c.p.d.c.PensionerDetailController - Token valid :true
2022-05-07_17-47-30 [http-nio-8200-exec-7] INFO  c.p.d.c.PensionerDetailController - Token valid :true
2022-05-07_17-47-30 [http-nio-8200-exec-10] INFO  c.p.d.c.PensionerDetailController - Token valid :true
2022-05-07_17-47-30 [http-nio-8200-exec-5] INFO  c.p.d.c.PensionerDetailController - Token valid :true
2022-05-07_17-47-30 [http-nio-8200-exec-1] INFO  c.p.d.c.PensionerDetailController - Token valid :true
2022-05-07_17-47-30 [http-nio-8200-exec-4] INFO  c.p.d.c.PensionerDetailController - Token valid :true
2022-05-07_17-47-30 [http-nio-8200-exec-9] INFO  c.p.d.c.PensionerDetailController - Token valid :true
2022-05-07_17-47-30 [http-nio-8200-exec-3] INFO  c.p.d.c.PensionerDetailController - Token valid :true
2022-05-07_17-47-30 [http-nio-8200-exec-2] INFO  c.p.d.c.PensionerDetailController - Token valid :true
2022-05-07_17-47-30 [http-nio-8200-exec-8] INFO  c.p.d.c.PensionerDetailController - Token valid :true
2022-05-07_17-47-30 [http-nio-8200-exec-6] INFO  c.p.d.c.PensionerDetailController - Token valid :true
2022-05-07_17-47-30 [http-nio-8200-exec-7] INFO  c.p.d.c.PensionerDetailController - Token valid :true
2022-05-07_17-47-30 [http-nio-8200-exec-10] INFO  c.p.d.c.PensionerDetailController - Token valid :true
2022-05-07_17-47-30 [http-nio-8200-exec-5] INFO  c.p.d.c.PensionerDetailController - Token valid :true
2022-05-07_17-47-30 [http-nio-8200-exec-1] INFO  c.p.d.c.PensionerDetailController - Token valid :true
2022-05-07_17-47-30 [http-nio-8200-exec-4] INFO  c.p.d.c.PensionerDetailController - Token valid :true
2022-05-07_17-47-30 [http-nio-8200-exec-3] INFO  c.p.d.c.PensionerDetailController - Token valid :true
2022-05-07_17-47-30 [http-nio-8200-exec-2] INFO  c.p.d.c.PensionerDetailController - Token valid :true
2022-05-07_17-47-30 [http-nio-8200-exec-8] INFO  c.p.d.c.PensionerDetailController - Token valid :true
2022-05-07_17-47-30 [http-nio-8200-exec-6] INFO  c.p.d.c.PensionerDetailController - Token valid :true
2022-05-07_17-47-30 [SpringApplicationShutdownHook] INFO  o.s.o.j.LocalContainerEntityManagerFactoryBean - Closing JPA EntityManagerFactory for persistence unit 'default'
2022-05-07_17-47-30 [SpringApplicationShutdownHook] INFO  o.h.t.s.i.SchemaDropperImpl$DelayedDropActionImpl - HHH000477: Starting delayed evictData of schema as part of SessionFactory shut-down'
2022-05-07_17-47-30 [SpringApplicationShutdownHook] INFO  com.zaxxer.hikari.HikariDataSource - HikariPool-1 - Shutdown initiated...
2022-05-07_17-47-30 [SpringApplicationShutdownHook] INFO  com.zaxxer.hikari.HikariDataSource - HikariPool-1 - Shutdown completed.
2022-05-07_18-52-07 [restartedMain] INFO  c.p.d.PensionerDetailServiceApplication - Starting PensionerDetailServiceApplication using Java 1.8.0_261 on DESKTOP-N8K6OFJ with PID 11436 (H:\pension-management-system-main\pensioner-detail-service\target\classes started by AYAN ADAK in H:\pension-management-system-main\pensioner-detail-service)
2022-05-07_18-52-07 [restartedMain] INFO  c.p.d.PensionerDetailServiceApplication - No active profile set, falling back to default profiles: default
2022-05-07_18-52-07 [restartedMain] INFO  o.s.b.d.e.DevToolsPropertyDefaultsPostProcessor - Devtools property defaults active! Set 'spring.devtools.add-properties' to 'false' to disable
2022-05-07_18-52-07 [restartedMain] INFO  o.s.b.d.e.DevToolsPropertyDefaultsPostProcessor - For additional web related logging consider setting the 'logging.level.web' property to 'DEBUG'
2022-05-07_18-52-07 [restartedMain] INFO  o.s.d.r.c.RepositoryConfigurationDelegate - Bootstrapping Spring Data JPA repositories in DEFAULT mode.
2022-05-07_18-52-07 [restartedMain] INFO  o.s.d.r.c.RepositoryConfigurationDelegate - Finished Spring Data repository scanning in 180 ms. Found 1 JPA repository interfaces.
2022-05-07_18-52-07 [restartedMain] INFO  o.s.cloud.context.scope.GenericScope - BeanFactory id=0017e8f6-4b86-3822-b918-752f6c79a3fe
2022-05-07_18-52-07 [restartedMain] INFO  o.s.b.w.e.tomcat.TomcatWebServer - Tomcat initialized with port(s): 8200 (http)
2022-05-07_18-52-07 [restartedMain] INFO  o.a.coyote.http11.Http11NioProtocol - Initializing ProtocolHandler ["http-nio-8200"]
2022-05-07_18-52-07 [restartedMain] INFO  o.a.catalina.core.StandardService - Starting service [Tomcat]
2022-05-07_18-52-07 [restartedMain] INFO  o.a.catalina.core.StandardEngine - Starting Servlet engine: [Apache Tomcat/9.0.56]
2022-05-07_18-52-07 [restartedMain] INFO  o.a.c.c.C.[.[localhost].[/pensioner] - Initializing Spring embedded WebApplicationContext
2022-05-07_18-52-07 [restartedMain] INFO  o.s.b.w.s.c.ServletWebServerApplicationContext - Root WebApplicationContext: initialization completed in 6323 ms
2022-05-07_18-52-07 [restartedMain] INFO  com.zaxxer.hikari.HikariDataSource - HikariPool-1 - Starting...
2022-05-07_18-52-07 [restartedMain] INFO  com.zaxxer.hikari.HikariDataSource - HikariPool-1 - Start completed.
2022-05-07_18-52-07 [restartedMain] INFO  o.s.b.a.h.H2ConsoleAutoConfiguration - H2 console available at '/db'. Database available at 'jdbc:h2:mem:pms_db'
2022-05-07_18-52-07 [restartedMain] INFO  o.h.jpa.internal.util.LogHelper - HHH000204: Processing PersistenceUnitInfo [name: default]
2022-05-07_18-52-07 [restartedMain] INFO  org.hibernate.Version - HHH000412: Hibernate ORM core version 5.6.3.Final
2022-05-07_18-52-07 [restartedMain] INFO  o.h.annotations.common.Version - HCANN000001: Hibernate Commons Annotations {5.1.2.Final}
2022-05-07_18-52-07 [restartedMain] INFO  org.hibernate.dialect.Dialect - HHH000400: Using dialect: org.hibernate.dialect.H2Dialect
2022-05-07_18-52-07 [restartedMain] INFO  o.h.e.t.j.p.i.JtaPlatformInitiator - HHH000490: Using JtaPlatform implementation: [org.hibernate.engine.transaction.jta.platform.internal.NoJtaPlatform]
2022-05-07_18-52-07 [restartedMain] INFO  o.s.o.j.LocalContainerEntityManagerFactoryBean - Initialized JPA EntityManagerFactory for persistence unit 'default'
2022-05-07_18-52-07 [restartedMain] INFO  o.s.b.d.a.OptionalLiveReloadServer - LiveReload server is running on port 35729
2022-05-07_18-52-07 [restartedMain] INFO  o.a.coyote.http11.Http11NioProtocol - Starting ProtocolHandler ["http-nio-8200"]
2022-05-07_18-52-07 [restartedMain] INFO  o.s.b.w.e.tomcat.TomcatWebServer - Tomcat started on port(s): 8200 (http) with context path '/pensioner'
2022-05-07_18-52-07 [restartedMain] INFO  c.p.d.PensionerDetailServiceApplication - Started PensionerDetailServiceApplication in 17.712 seconds (JVM running for 20.933)
2022-05-07_18-52-07 [http-nio-8200-exec-1] INFO  o.a.c.c.C.[.[localhost].[/pensioner] - Initializing Spring DispatcherServlet 'dispatcherServlet'
2022-05-07_18-52-07 [http-nio-8200-exec-1] INFO  o.s.web.servlet.DispatcherServlet - Initializing Servlet 'dispatcherServlet'
2022-05-07_18-52-07 [http-nio-8200-exec-1] INFO  o.s.web.servlet.DispatcherServlet - Completed initialization in 2 ms
2022-05-07_18-52-07 [http-nio-8200-exec-2] INFO  c.p.d.c.PensionerDetailController - Token valid :true
2022-05-07_18-52-07 [http-nio-8200-exec-9] INFO  c.p.d.c.PensionerDetailController - Token valid :true
2022-05-07_18-52-07 [http-nio-8200-exec-8] INFO  c.p.d.c.PensionerDetailController - Token valid :true
2022-05-07_18-52-07 [http-nio-8200-exec-7] INFO  c.p.d.c.PensionerDetailController - Token valid :true
2022-05-07_18-52-07 [http-nio-8200-exec-10] INFO  c.p.d.c.PensionerDetailController - START
2022-05-07_18-52-07 [http-nio-8200-exec-10] INFO  c.p.d.c.PensionerDetailController - Token valid :true
2022-05-07_18-52-07 [http-nio-8200-exec-9] INFO  c.p.d.c.PensionerDetailController - Token valid :true
2022-05-07_18-52-07 [http-nio-8200-exec-8] INFO  c.p.d.c.PensionerDetailController - Token valid :true
2022-05-07_18-52-07 [http-nio-8200-exec-10] INFO  c.p.d.c.PensionerDetailController - Token valid :true
2022-05-07_18-52-07 [http-nio-8200-exec-5] INFO  c.p.d.c.PensionerDetailController - Token valid :true
2022-05-07_18-52-07 [http-nio-8200-exec-4] INFO  c.p.d.c.PensionerDetailController - START
2022-05-07_18-52-07 [http-nio-8200-exec-4] INFO  c.p.d.c.PensionerDetailController - Token valid :true
2022-05-07_18-52-07 [SpringApplicationShutdownHook] INFO  o.s.o.j.LocalContainerEntityManagerFactoryBean - Closing JPA EntityManagerFactory for persistence unit 'default'
2022-05-07_18-52-07 [SpringApplicationShutdownHook] INFO  o.h.t.s.i.SchemaDropperImpl$DelayedDropActionImpl - HHH000477: Starting delayed evictData of schema as part of SessionFactory shut-down'
2022-05-07_18-52-07 [SpringApplicationShutdownHook] INFO  com.zaxxer.hikari.HikariDataSource - HikariPool-1 - Shutdown initiated...
2022-05-07_18-52-07 [SpringApplicationShutdownHook] INFO  com.zaxxer.hikari.HikariDataSource - HikariPool-1 - Shutdown completed.
2022-05-07_19-10-35 [restartedMain] INFO  c.p.d.PensionerDetailServiceApplication - Starting PensionerDetailServiceApplication using Java 1.8.0_261 on DESKTOP-N8K6OFJ with PID 11552 (H:\pension-management-system-main\pensioner-detail-service\target\classes started by AYAN ADAK in H:\pension-management-system-main\pensioner-detail-service)
2022-05-07_19-10-35 [restartedMain] INFO  c.p.d.PensionerDetailServiceApplication - No active profile set, falling back to default profiles: default
2022-05-07_19-10-35 [restartedMain] INFO  o.s.b.d.e.DevToolsPropertyDefaultsPostProcessor - Devtools property defaults active! Set 'spring.devtools.add-properties' to 'false' to disable
2022-05-07_19-10-35 [restartedMain] INFO  o.s.b.d.e.DevToolsPropertyDefaultsPostProcessor - For additional web related logging consider setting the 'logging.level.web' property to 'DEBUG'
2022-05-07_19-10-35 [restartedMain] INFO  o.s.d.r.c.RepositoryConfigurationDelegate - Bootstrapping Spring Data JPA repositories in DEFAULT mode.
2022-05-07_19-10-35 [restartedMain] INFO  o.s.d.r.c.RepositoryConfigurationDelegate - Finished Spring Data repository scanning in 97 ms. Found 1 JPA repository interfaces.
2022-05-07_19-10-35 [restartedMain] INFO  o.s.cloud.context.scope.GenericScope - BeanFactory id=0017e8f6-4b86-3822-b918-752f6c79a3fe
2022-05-07_19-10-35 [restartedMain] INFO  o.s.b.w.e.tomcat.TomcatWebServer - Tomcat initialized with port(s): 8200 (http)
2022-05-07_19-10-35 [restartedMain] INFO  o.a.coyote.http11.Http11NioProtocol - Initializing ProtocolHandler ["http-nio-8200"]
2022-05-07_19-10-35 [restartedMain] INFO  o.a.catalina.core.StandardService - Starting service [Tomcat]
2022-05-07_19-10-35 [restartedMain] INFO  o.a.catalina.core.StandardEngine - Starting Servlet engine: [Apache Tomcat/9.0.56]
2022-05-07_19-10-35 [restartedMain] INFO  o.a.c.c.C.[.[localhost].[/pensioner] - Initializing Spring embedded WebApplicationContext
2022-05-07_19-10-35 [restartedMain] INFO  o.s.b.w.s.c.ServletWebServerApplicationContext - Root WebApplicationContext: initialization completed in 5216 ms
2022-05-07_19-10-35 [restartedMain] INFO  com.zaxxer.hikari.HikariDataSource - HikariPool-1 - Starting...
2022-05-07_19-10-35 [restartedMain] INFO  com.zaxxer.hikari.HikariDataSource - HikariPool-1 - Start completed.
2022-05-07_19-10-35 [restartedMain] INFO  o.s.b.a.h.H2ConsoleAutoConfiguration - H2 console available at '/db'. Database available at 'jdbc:h2:mem:pms_db'
2022-05-07_19-10-35 [restartedMain] INFO  o.h.jpa.internal.util.LogHelper - HHH000204: Processing PersistenceUnitInfo [name: default]
2022-05-07_19-10-35 [restartedMain] INFO  org.hibernate.Version - HHH000412: Hibernate ORM core version 5.6.3.Final
2022-05-07_19-10-35 [restartedMain] INFO  o.h.annotations.common.Version - HCANN000001: Hibernate Commons Annotations {5.1.2.Final}
2022-05-07_19-10-35 [restartedMain] INFO  org.hibernate.dialect.Dialect - HHH000400: Using dialect: org.hibernate.dialect.H2Dialect
2022-05-07_19-10-35 [restartedMain] INFO  o.h.e.t.j.p.i.JtaPlatformInitiator - HHH000490: Using JtaPlatform implementation: [org.hibernate.engine.transaction.jta.platform.internal.NoJtaPlatform]
2022-05-07_19-10-35 [restartedMain] INFO  o.s.o.j.LocalContainerEntityManagerFactoryBean - Initialized JPA EntityManagerFactory for persistence unit 'default'
2022-05-07_19-10-35 [restartedMain] INFO  o.s.b.d.a.OptionalLiveReloadServer - LiveReload server is running on port 35729
2022-05-07_19-10-35 [restartedMain] INFO  o.a.coyote.http11.Http11NioProtocol - Starting ProtocolHandler ["http-nio-8200"]
2022-05-07_19-10-35 [restartedMain] INFO  o.s.b.w.e.tomcat.TomcatWebServer - Tomcat started on port(s): 8200 (http) with context path '/pensioner'
2022-05-07_19-10-35 [restartedMain] INFO  c.p.d.PensionerDetailServiceApplication - Started PensionerDetailServiceApplication in 15.797 seconds (JVM running for 17.702)
2022-05-07_19-10-35 [http-nio-8200-exec-1] INFO  o.a.c.c.C.[.[localhost].[/pensioner] - Initializing Spring DispatcherServlet 'dispatcherServlet'
2022-05-07_19-10-35 [http-nio-8200-exec-1] INFO  o.s.web.servlet.DispatcherServlet - Initializing Servlet 'dispatcherServlet'
2022-05-07_19-10-35 [http-nio-8200-exec-1] INFO  o.s.web.servlet.DispatcherServlet - Completed initialization in 0 ms
2022-05-07_19-10-35 [http-nio-8200-exec-1] INFO  c.p.d.c.PensionerDetailController - Token valid :true
2022-05-07_19-10-35 [http-nio-8200-exec-3] INFO  c.p.d.c.PensionerDetailController - Token valid :true
2022-05-07_19-10-35 [http-nio-8200-exec-4] INFO  c.p.d.c.PensionerDetailController - Token valid :true
2022-05-07_19-10-35 [http-nio-8200-exec-5] INFO  c.p.d.c.PensionerDetailController - Token valid :true
2022-05-07_19-10-35 [http-nio-8200-exec-6] INFO  c.p.d.c.PensionerDetailController - START
2022-05-07_19-10-35 [http-nio-8200-exec-6] INFO  c.p.d.c.PensionerDetailController - Token valid :true
2022-05-07_19-10-35 [http-nio-8200-exec-3] INFO  c.p.d.c.PensionerDetailController - Token valid :true
2022-05-07_19-10-35 [http-nio-8200-exec-4] INFO  c.p.d.c.PensionerDetailController - Token valid :true
2022-05-07_19-10-35 [http-nio-8200-exec-6] INFO  c.p.d.c.PensionerDetailController - Token valid :true
2022-05-07_19-10-35 [http-nio-8200-exec-8] INFO  c.p.d.c.PensionerDetailController - Token valid :true
2022-05-07_19-10-35 [http-nio-8200-exec-7] INFO  c.p.d.c.PensionerDetailController - START
2022-05-07_19-10-35 [http-nio-8200-exec-7] INFO  c.p.d.c.PensionerDetailController - Token valid :true
2022-05-07_19-10-35 [http-nio-8200-exec-4] INFO  c.p.d.c.PensionerDetailController - Token valid :true
2022-05-07_19-10-35 [http-nio-8200-exec-8] INFO  c.p.d.c.PensionerDetailController - Token valid :true
2022-05-07_19-10-35 [http-nio-8200-exec-7] INFO  c.p.d.c.PensionerDetailController - Token valid :true
2022-05-07_19-10-35 [http-nio-8200-exec-10] INFO  c.p.d.c.PensionerDetailController - Token valid :true
2022-05-07_19-10-35 [http-nio-8200-exec-2] INFO  c.p.d.c.PensionerDetailController - START
2022-05-07_19-10-35 [http-nio-8200-exec-2] INFO  c.p.d.c.PensionerDetailController - Token valid :true
2022-05-07_19-10-35 [http-nio-8200-exec-7] INFO  c.p.d.c.PensionerDetailController - Token valid :true
2022-05-07_19-10-35 [http-nio-8200-exec-2] INFO  c.p.d.c.PensionerDetailController - Token valid :true
2022-05-07_19-10-35 [http-nio-8200-exec-9] INFO  c.p.d.c.PensionerDetailController - Token valid :true
2022-05-07_19-10-35 [http-nio-8200-exec-1] INFO  c.p.d.c.PensionerDetailController - Token valid :true
2022-05-07_19-10-35 [http-nio-8200-exec-3] INFO  c.p.d.c.PensionerDetailController - Token valid :true
2022-05-07_19-10-35 [http-nio-8200-exec-6] INFO  c.p.d.c.PensionerDetailController - Token valid :true
2022-05-07_19-10-35 [http-nio-8200-exec-8] INFO  c.p.d.c.PensionerDetailController - Token valid :true
2022-05-07_19-10-35 [http-nio-8200-exec-2] INFO  c.p.d.c.PensionerDetailController - Token valid :true
2022-05-07_19-10-35 [http-nio-8200-exec-1] INFO  c.p.d.c.PensionerDetailController - Token valid :true
2022-05-07_19-10-35 [http-nio-8200-exec-5] INFO  c.p.d.c.PensionerDetailController - Token valid :true
2022-05-07_19-10-35 [http-nio-8200-exec-4] INFO  c.p.d.c.PensionerDetailController - Token valid :true
2022-05-07_19-10-35 [http-nio-8200-exec-7] INFO  c.p.d.c.PensionerDetailController - Token valid :true
2022-05-07_19-10-35 [http-nio-8200-exec-2] INFO  c.p.d.c.PensionerDetailController - Token valid :true
2022-05-07_19-10-35 [http-nio-8200-exec-1] INFO  c.p.d.c.PensionerDetailController - Token valid :true
2022-05-07_19-10-35 [http-nio-8200-exec-5] INFO  c.p.d.c.PensionerDetailController - Token valid :true
2022-05-07_19-10-35 [http-nio-8200-exec-6] INFO  c.p.d.c.PensionerDetailController - Token valid :true
2022-05-07_19-10-35 [http-nio-8200-exec-4] INFO  c.p.d.c.PensionerDetailController - Token valid :true
2022-05-07_19-10-35 [http-nio-8200-exec-8] INFO  c.p.d.c.PensionerDetailController - Token valid :true
2022-05-07_19-10-35 [http-nio-8200-exec-7] INFO  c.p.d.c.PensionerDetailController - Token valid :true
2022-05-07_19-10-35 [http-nio-8200-exec-10] INFO  c.p.d.c.PensionerDetailController - Token valid :true
2022-05-07_19-10-35 [http-nio-8200-exec-2] INFO  c.p.d.c.PensionerDetailController - Token valid :true
2022-05-07_19-10-35 [http-nio-8200-exec-9] INFO  c.p.d.c.PensionerDetailController - Token valid :true
2022-05-07_19-10-35 [http-nio-8200-exec-1] INFO  c.p.d.c.PensionerDetailController - Token valid :true
2022-05-07_19-10-35 [http-nio-8200-exec-3] INFO  c.p.d.c.PensionerDetailController - Token valid :true
2022-05-07_19-10-35 [http-nio-8200-exec-5] INFO  c.p.d.c.PensionerDetailController - Token valid :true
2022-05-07_19-10-35 [http-nio-8200-exec-6] INFO  c.p.d.c.PensionerDetailController - Token valid :true
2022-05-07_19-10-35 [http-nio-8200-exec-4] INFO  c.p.d.c.PensionerDetailController - Token valid :true
2022-05-07_19-10-35 [http-nio-8200-exec-8] INFO  c.p.d.c.PensionerDetailController - Token valid :true
2022-05-07_19-10-35 [http-nio-8200-exec-7] INFO  c.p.d.c.PensionerDetailController - Token valid :true
2022-05-07_19-10-35 [http-nio-8200-exec-10] INFO  c.p.d.c.PensionerDetailController - Token valid :true
2022-05-07_19-10-35 [http-nio-8200-exec-2] INFO  c.p.d.c.PensionerDetailController - Token valid :true
2022-05-07_19-10-35 [http-nio-8200-exec-9] INFO  c.p.d.c.PensionerDetailController - Token valid :true
2022-05-07_19-10-35 [http-nio-8200-exec-3] INFO  c.p.d.c.PensionerDetailController - Token valid :true
2022-05-07_19-10-35 [http-nio-8200-exec-5] INFO  c.p.d.c.PensionerDetailController - Token valid :true
2022-05-07_19-10-35 [http-nio-8200-exec-6] INFO  c.p.d.c.PensionerDetailController - Token valid :true
2022-05-07_19-10-35 [http-nio-8200-exec-4] INFO  c.p.d.c.PensionerDetailController - Token valid :true
2022-05-07_19-10-35 [http-nio-8200-exec-7] INFO  c.p.d.c.PensionerDetailController - Token valid :true
2022-05-07_19-10-35 [http-nio-8200-exec-10] INFO  c.p.d.c.PensionerDetailController - Token valid :true
2022-05-07_19-10-35 [http-nio-8200-exec-2] INFO  c.p.d.c.PensionerDetailController - Token valid :true
2022-05-07_19-10-35 [http-nio-8200-exec-9] INFO  c.p.d.c.PensionerDetailController - Token valid :true
2022-05-07_19-10-35 [http-nio-8200-exec-1] INFO  c.p.d.c.PensionerDetailController - Token valid :true
2022-05-07_19-10-35 [http-nio-8200-exec-3] INFO  c.p.d.c.PensionerDetailController - Token valid :true
2022-05-07_19-10-35 [http-nio-8200-exec-5] INFO  c.p.d.c.PensionerDetailController - Token valid :true
2022-05-07_19-10-35 [http-nio-8200-exec-6] INFO  c.p.d.c.PensionerDetailController - Token valid :true
2022-05-07_19-10-35 [http-nio-8200-exec-8] INFO  c.p.d.c.PensionerDetailController - Token valid :true
2022-05-07_19-10-35 [http-nio-8200-exec-7] INFO  c.p.d.c.PensionerDetailController - Token valid :true
2022-05-07_19-10-35 [http-nio-8200-exec-10] INFO  c.p.d.c.PensionerDetailController - Token valid :true
2022-05-07_19-10-35 [http-nio-8200-exec-2] INFO  c.p.d.c.PensionerDetailController - Token valid :true
2022-05-07_19-10-35 [http-nio-8200-exec-9] INFO  c.p.d.c.PensionerDetailController - Token valid :true
2022-05-07_19-10-35 [http-nio-8200-exec-1] INFO  c.p.d.c.PensionerDetailController - Token valid :true
2022-05-07_19-10-35 [http-nio-8200-exec-3] INFO  c.p.d.c.PensionerDetailController - Token valid :true
2022-05-07_19-10-35 [http-nio-8200-exec-5] INFO  c.p.d.c.PensionerDetailController - Token valid :true
2022-05-07_19-10-35 [http-nio-8200-exec-4] INFO  c.p.d.c.PensionerDetailController - Token valid :true
2022-05-07_19-10-35 [http-nio-8200-exec-7] INFO  c.p.d.c.PensionerDetailController - Token valid :true
2022-05-07_19-10-35 [http-nio-8200-exec-8] INFO  c.p.d.c.PensionerDetailController - Token valid :true
2022-05-07_19-10-35 [http-nio-8200-exec-10] INFO  c.p.d.c.PensionerDetailController - Token valid :true
2022-05-07_19-10-35 [http-nio-8200-exec-2] INFO  c.p.d.c.PensionerDetailController - Token valid :true
2022-05-07_19-10-35 [http-nio-8200-exec-9] INFO  c.p.d.c.PensionerDetailController - Token valid :true
2022-05-07_19-10-35 [http-nio-8200-exec-1] INFO  c.p.d.c.PensionerDetailController - Token valid :true
2022-05-07_19-10-35 [http-nio-8200-exec-3] INFO  c.p.d.c.PensionerDetailController - Token valid :true
2022-05-07_19-10-35 [http-nio-8200-exec-5] INFO  c.p.d.c.PensionerDetailController - Token valid :true
2022-05-07_19-10-35 [http-nio-8200-exec-6] INFO  c.p.d.c.PensionerDetailController - Token valid :true
2022-05-07_19-10-35 [http-nio-8200-exec-4] INFO  c.p.d.c.PensionerDetailController - Token valid :true
2022-05-07_19-10-35 [http-nio-8200-exec-7] INFO  c.p.d.c.PensionerDetailController - Token valid :true
2022-05-07_19-10-35 [http-nio-8200-exec-8] INFO  c.p.d.c.PensionerDetailController - Token valid :true
2022-05-07_19-10-35 [http-nio-8200-exec-10] INFO  c.p.d.c.PensionerDetailController - Token valid :true
2022-05-07_19-10-35 [http-nio-8200-exec-2] INFO  c.p.d.c.PensionerDetailController - Token valid :true
2022-05-07_19-10-35 [http-nio-8200-exec-1] INFO  c.p.d.c.PensionerDetailController - Token valid :true
2022-05-07_19-10-35 [http-nio-8200-exec-3] INFO  c.p.d.c.PensionerDetailController - Token valid :true
2022-05-07_19-10-35 [http-nio-8200-exec-5] INFO  c.p.d.c.PensionerDetailController - Token valid :true
2022-05-07_19-10-35 [http-nio-8200-exec-6] INFO  c.p.d.c.PensionerDetailController - Token valid :true
2022-05-07_19-10-35 [http-nio-8200-exec-4] INFO  c.p.d.c.PensionerDetailController - Token valid :true
2022-05-07_19-10-35 [http-nio-8200-exec-7] INFO  c.p.d.c.PensionerDetailController - Token valid :true
2022-05-07_19-10-35 [http-nio-8200-exec-8] INFO  c.p.d.c.PensionerDetailController - Token valid :true
2022-05-07_19-10-35 [http-nio-8200-exec-10] INFO  c.p.d.c.PensionerDetailController - Token valid :true
2022-05-07_19-10-35 [http-nio-8200-exec-2] INFO  c.p.d.c.PensionerDetailController - Token valid :true
2022-05-07_19-10-35 [http-nio-8200-exec-9] INFO  c.p.d.c.PensionerDetailController - Token valid :true
2022-05-07_19-10-35 [http-nio-8200-exec-1] INFO  c.p.d.c.PensionerDetailController - Token valid :true
2022-05-07_19-10-35 [http-nio-8200-exec-5] INFO  c.p.d.c.PensionerDetailController - Token valid :true
2022-05-07_19-10-35 [http-nio-8200-exec-6] INFO  c.p.d.c.PensionerDetailController - Token valid :true
2022-05-07_19-10-35 [http-nio-8200-exec-4] INFO  c.p.d.c.PensionerDetailController - Token valid :true
2022-05-07_19-10-35 [http-nio-8200-exec-7] INFO  c.p.d.c.PensionerDetailController - Token valid :true
2022-05-07_19-10-35 [http-nio-8200-exec-8] INFO  c.p.d.c.PensionerDetailController - Token valid :true
2022-05-07_19-10-35 [http-nio-8200-exec-10] INFO  c.p.d.c.PensionerDetailController - Token valid :true
2022-05-07_19-10-35 [http-nio-8200-exec-2] INFO  c.p.d.c.PensionerDetailController - Token valid :true
2022-05-07_19-10-35 [http-nio-8200-exec-9] INFO  c.p.d.c.PensionerDetailController - Token valid :true
2022-05-07_19-10-35 [http-nio-8200-exec-1] INFO  c.p.d.c.PensionerDetailController - Token valid :true
2022-05-07_19-10-35 [http-nio-8200-exec-3] INFO  c.p.d.c.PensionerDetailController - Token valid :true
2022-05-07_19-10-35 [http-nio-8200-exec-5] INFO  c.p.d.c.PensionerDetailController - Token valid :true
2022-05-07_19-10-35 [http-nio-8200-exec-6] INFO  c.p.d.c.PensionerDetailController - Token valid :true
2022-05-07_19-10-35 [http-nio-8200-exec-4] INFO  c.p.d.c.PensionerDetailController - Token valid :true
2022-05-07_19-10-35 [http-nio-8200-exec-7] INFO  c.p.d.c.PensionerDetailController - Token valid :true
2022-05-07_19-10-35 [http-nio-8200-exec-8] INFO  c.p.d.c.PensionerDetailController - Token valid :true
2022-05-07_19-10-35 [http-nio-8200-exec-10] INFO  c.p.d.c.PensionerDetailController - Token valid :true
2022-05-07_19-10-35 [http-nio-8200-exec-2] INFO  c.p.d.c.PensionerDetailController - Token valid :true
2022-05-07_19-10-35 [http-nio-8200-exec-9] INFO  c.p.d.c.PensionerDetailController - Token valid :true
2022-05-07_19-10-35 [http-nio-8200-exec-1] INFO  c.p.d.c.PensionerDetailController - Token valid :true
2022-05-07_19-10-35 [http-nio-8200-exec-3] INFO  c.p.d.c.PensionerDetailController - Token valid :true
2022-05-07_19-10-35 [http-nio-8200-exec-6] INFO  c.p.d.c.PensionerDetailController - Token valid :true
2022-05-07_19-10-35 [http-nio-8200-exec-4] INFO  c.p.d.c.PensionerDetailController - Token valid :true
2022-05-07_19-10-35 [http-nio-8200-exec-7] INFO  c.p.d.c.PensionerDetailController - Token valid :true
2022-05-07_19-10-35 [http-nio-8200-exec-8] INFO  c.p.d.c.PensionerDetailController - Token valid :true
2022-05-07_19-10-35 [http-nio-8200-exec-10] INFO  c.p.d.c.PensionerDetailController - Token valid :true
2022-05-07_19-10-35 [http-nio-8200-exec-2] INFO  c.p.d.c.PensionerDetailController - Token valid :true
2022-05-07_19-10-35 [http-nio-8200-exec-9] INFO  c.p.d.c.PensionerDetailController - Token valid :true
2022-05-07_19-10-35 [http-nio-8200-exec-1] INFO  c.p.d.c.PensionerDetailController - Token valid :true
2022-05-07_19-10-35 [http-nio-8200-exec-3] INFO  c.p.d.c.PensionerDetailController - Token valid :true
2022-05-07_19-10-35 [http-nio-8200-exec-5] INFO  c.p.d.c.PensionerDetailController - Token valid :true
2022-05-07_19-10-35 [http-nio-8200-exec-6] INFO  c.p.d.c.PensionerDetailController - Token valid :true
2022-05-07_19-10-35 [http-nio-8200-exec-4] INFO  c.p.d.c.PensionerDetailController - Token valid :true
2022-05-07_19-10-35 [http-nio-8200-exec-8] INFO  c.p.d.c.PensionerDetailController - Token valid :true
2022-05-07_19-10-35 [http-nio-8200-exec-10] INFO  c.p.d.c.PensionerDetailController - Token valid :true
2022-05-07_19-10-35 [http-nio-8200-exec-2] INFO  c.p.d.c.PensionerDetailController - Token valid :true
2022-05-07_19-10-35 [http-nio-8200-exec-9] INFO  c.p.d.c.PensionerDetailController - Token valid :true
2022-05-07_19-10-35 [http-nio-8200-exec-1] INFO  c.p.d.c.PensionerDetailController - Token valid :true
2022-05-07_19-10-35 [http-nio-8200-exec-3] INFO  c.p.d.c.PensionerDetailController - Token valid :true
2022-05-07_19-10-35 [http-nio-8200-exec-5] INFO  c.p.d.c.PensionerDetailController - Token valid :true
2022-05-07_19-10-35 [http-nio-8200-exec-6] INFO  c.p.d.c.PensionerDetailController - Token valid :true
2022-05-07_19-10-35 [http-nio-8200-exec-4] INFO  c.p.d.c.PensionerDetailController - Token valid :true
2022-05-07_19-10-35 [http-nio-8200-exec-7] INFO  c.p.d.c.PensionerDetailController - Token valid :true
2022-05-07_19-10-35 [http-nio-8200-exec-8] INFO  c.p.d.c.PensionerDetailController - Token valid :true
2022-05-07_19-10-35 [http-nio-8200-exec-2] INFO  c.p.d.c.PensionerDetailController - Token valid :true
2022-05-07_19-10-35 [http-nio-8200-exec-1] INFO  c.p.d.c.PensionerDetailController - Token valid :true
2022-05-07_19-10-35 [http-nio-8200-exec-5] INFO  c.p.d.c.PensionerDetailController - Token valid :true
2022-05-07_19-10-35 [http-nio-8200-exec-6] INFO  c.p.d.c.PensionerDetailController - Token valid :true
2022-05-07_19-10-35 [http-nio-8200-exec-4] INFO  c.p.d.c.PensionerDetailController - Token valid :true
2022-05-07_19-10-35 [http-nio-8200-exec-7] INFO  c.p.d.c.PensionerDetailController - Token valid :true
2022-05-07_19-10-35 [http-nio-8200-exec-8] INFO  c.p.d.c.PensionerDetailController - Token valid :true
2022-05-07_19-10-35 [http-nio-8200-exec-10] INFO  c.p.d.c.PensionerDetailController - Token valid :true
2022-05-07_19-10-35 [http-nio-8200-exec-2] INFO  c.p.d.c.PensionerDetailController - Token valid :true
2022-05-07_19-10-35 [http-nio-8200-exec-9] INFO  c.p.d.c.PensionerDetailController - Token valid :true
2022-05-07_19-10-35 [http-nio-8200-exec-1] INFO  c.p.d.c.PensionerDetailController - Token valid :true
2022-05-07_19-10-35 [http-nio-8200-exec-3] INFO  c.p.d.c.PensionerDetailController - Token valid :true
2022-05-07_19-10-35 [http-nio-8200-exec-5] INFO  c.p.d.c.PensionerDetailController - Token valid :true
2022-05-07_19-10-35 [http-nio-8200-exec-4] INFO  c.p.d.c.PensionerDetailController - Token valid :true
2022-05-07_19-10-35 [http-nio-8200-exec-7] INFO  c.p.d.c.PensionerDetailController - Token valid :true
2022-05-07_19-10-35 [http-nio-8200-exec-8] INFO  c.p.d.c.PensionerDetailController - Token valid :true
2022-05-07_19-10-35 [http-nio-8200-exec-10] INFO  c.p.d.c.PensionerDetailController - Token valid :true
2022-05-07_19-10-35 [http-nio-8200-exec-2] INFO  c.p.d.c.PensionerDetailController - Token valid :true
2022-05-07_19-10-35 [http-nio-8200-exec-9] INFO  c.p.d.c.PensionerDetailController - Token valid :true
2022-05-07_19-10-35 [http-nio-8200-exec-1] INFO  c.p.d.c.PensionerDetailController - Token valid :true
2022-05-07_19-10-35 [http-nio-8200-exec-3] INFO  c.p.d.c.PensionerDetailController - Token valid :true
2022-05-07_19-10-35 [http-nio-8200-exec-5] INFO  c.p.d.c.PensionerDetailController - Token valid :true
2022-05-07_19-10-35 [http-nio-8200-exec-6] INFO  c.p.d.c.PensionerDetailController - Token valid :true
2022-05-07_19-10-35 [http-nio-8200-exec-4] INFO  c.p.d.c.PensionerDetailController - Token valid :true
2022-05-07_19-10-35 [http-nio-8200-exec-7] INFO  c.p.d.c.PensionerDetailController - Token valid :true
2022-05-07_19-10-35 [http-nio-8200-exec-8] INFO  c.p.d.c.PensionerDetailController - Token valid :true
2022-05-07_19-10-35 [http-nio-8200-exec-10] INFO  c.p.d.c.PensionerDetailController - Token valid :true
2022-05-07_19-10-35 [http-nio-8200-exec-2] INFO  c.p.d.c.PensionerDetailController - Token valid :true
2022-05-07_19-10-35 [http-nio-8200-exec-9] INFO  c.p.d.c.PensionerDetailController - Token valid :true
2022-05-07_19-10-35 [http-nio-8200-exec-3] INFO  c.p.d.c.PensionerDetailController - Token valid :true
2022-05-07_19-10-35 [http-nio-8200-exec-5] INFO  c.p.d.c.PensionerDetailController - Token valid :true
2022-05-07_19-10-35 [http-nio-8200-exec-6] INFO  c.p.d.c.PensionerDetailController - Token valid :true
2022-05-07_19-10-35 [http-nio-8200-exec-4] INFO  c.p.d.c.PensionerDetailController - Token valid :true
2022-05-07_19-10-35 [http-nio-8200-exec-7] INFO  c.p.d.c.PensionerDetailController - Token valid :true
2022-05-07_19-10-35 [http-nio-8200-exec-8] INFO  c.p.d.c.PensionerDetailController - Token valid :true
2022-05-07_19-10-35 [http-nio-8200-exec-10] INFO  c.p.d.c.PensionerDetailController - Token valid :true
2022-05-07_19-10-35 [http-nio-8200-exec-9] INFO  c.p.d.c.PensionerDetailController - Token valid :true
2022-05-07_19-10-35 [http-nio-8200-exec-1] INFO  c.p.d.c.PensionerDetailController - Token valid :true
2022-05-07_19-10-35 [http-nio-8200-exec-3] INFO  c.p.d.c.PensionerDetailController - Token valid :true
2022-05-07_19-10-35 [http-nio-8200-exec-5] INFO  c.p.d.c.PensionerDetailController - Token valid :true
2022-05-07_19-10-35 [http-nio-8200-exec-6] INFO  c.p.d.c.PensionerDetailController - Token valid :true
2022-05-07_19-10-35 [http-nio-8200-exec-4] INFO  c.p.d.c.PensionerDetailController - Token valid :true
2022-05-07_19-10-35 [http-nio-8200-exec-7] INFO  c.p.d.c.PensionerDetailController - Token valid :true
2022-05-07_19-10-35 [http-nio-8200-exec-8] INFO  c.p.d.c.PensionerDetailController - Token valid :true
2022-05-07_19-10-35 [http-nio-8200-exec-10] INFO  c.p.d.c.PensionerDetailController - Token valid :true
2022-05-07_19-10-35 [http-nio-8200-exec-2] INFO  c.p.d.c.PensionerDetailController - Token valid :true
2022-05-07_19-10-35 [http-nio-8200-exec-9] INFO  c.p.d.c.PensionerDetailController - Token valid :true
2022-05-07_19-10-35 [http-nio-8200-exec-1] INFO  c.p.d.c.PensionerDetailController - Token valid :true
2022-05-07_19-10-35 [http-nio-8200-exec-3] INFO  c.p.d.c.PensionerDetailController - Token valid :true
2022-05-07_19-10-35 [http-nio-8200-exec-5] INFO  c.p.d.c.PensionerDetailController - Token valid :true
2022-05-07_19-10-35 [http-nio-8200-exec-6] INFO  c.p.d.c.PensionerDetailController - Token valid :true
2022-05-07_19-10-35 [http-nio-8200-exec-4] INFO  c.p.d.c.PensionerDetailController - Token valid :true
2022-05-07_19-10-35 [http-nio-8200-exec-7] INFO  c.p.d.c.PensionerDetailController - Token valid :true
2022-05-07_19-10-35 [http-nio-8200-exec-8] INFO  c.p.d.c.PensionerDetailController - Token valid :true
2022-05-07_19-10-35 [http-nio-8200-exec-10] INFO  c.p.d.c.PensionerDetailController - Token valid :true
2022-05-07_19-10-35 [http-nio-8200-exec-2] INFO  c.p.d.c.PensionerDetailController - Token valid :true
2022-05-07_19-10-35 [http-nio-8200-exec-9] INFO  c.p.d.c.PensionerDetailController - Token valid :true
2022-05-07_19-10-35 [http-nio-8200-exec-1] INFO  c.p.d.c.PensionerDetailController - Token valid :true
2022-05-07_19-10-35 [http-nio-8200-exec-3] INFO  c.p.d.c.PensionerDetailController - Token valid :true
2022-05-07_19-10-35 [http-nio-8200-exec-5] INFO  c.p.d.c.PensionerDetailController - Token valid :true
2022-05-07_19-10-35 [http-nio-8200-exec-6] INFO  c.p.d.c.PensionerDetailController - Token valid :true
2022-05-07_19-10-35 [http-nio-8200-exec-4] INFO  c.p.d.c.PensionerDetailController - Token valid :true
2022-05-07_19-10-35 [http-nio-8200-exec-7] INFO  c.p.d.c.PensionerDetailController - Token valid :true
2022-05-07_19-10-35 [http-nio-8200-exec-8] INFO  c.p.d.c.PensionerDetailController - Token valid :true
2022-05-07_19-10-35 [http-nio-8200-exec-10] INFO  c.p.d.c.PensionerDetailController - Token valid :true
2022-05-07_19-10-35 [http-nio-8200-exec-9] INFO  c.p.d.c.PensionerDetailController - Token valid :true
2022-05-07_19-10-35 [http-nio-8200-exec-1] INFO  c.p.d.c.PensionerDetailController - Token valid :true
2022-05-07_19-10-35 [http-nio-8200-exec-3] INFO  c.p.d.c.PensionerDetailController - Token valid :true
2022-05-07_19-10-35 [http-nio-8200-exec-5] INFO  c.p.d.c.PensionerDetailController - Token valid :true
2022-05-07_19-10-35 [http-nio-8200-exec-6] INFO  c.p.d.c.PensionerDetailController - Token valid :true
2022-05-07_19-10-35 [http-nio-8200-exec-4] INFO  c.p.d.c.PensionerDetailController - Token valid :true
2022-05-07_19-10-35 [http-nio-8200-exec-7] INFO  c.p.d.c.PensionerDetailController - Token valid :true
2022-05-07_19-10-35 [http-nio-8200-exec-8] INFO  c.p.d.c.PensionerDetailController - Token valid :true
2022-05-07_19-10-35 [http-nio-8200-exec-2] INFO  c.p.d.c.PensionerDetailController - Token valid :true
2022-05-07_19-10-35 [http-nio-8200-exec-9] INFO  c.p.d.c.PensionerDetailController - Token valid :true
2022-05-07_19-10-35 [http-nio-8200-exec-1] INFO  c.p.d.c.PensionerDetailController - Token valid :true
2022-05-07_19-10-35 [http-nio-8200-exec-3] INFO  c.p.d.c.PensionerDetailController - Token valid :true
2022-05-07_19-10-35 [http-nio-8200-exec-5] INFO  c.p.d.c.PensionerDetailController - Token valid :true
2022-05-07_19-10-35 [http-nio-8200-exec-6] INFO  c.p.d.c.PensionerDetailController - Token valid :true
2022-05-07_19-10-35 [http-nio-8200-exec-4] INFO  c.p.d.c.PensionerDetailController - Token valid :true
2022-05-07_19-10-35 [http-nio-8200-exec-7] INFO  c.p.d.c.PensionerDetailController - Token valid :true
2022-05-07_19-10-35 [http-nio-8200-exec-8] INFO  c.p.d.c.PensionerDetailController - Token valid :true
2022-05-07_19-10-35 [http-nio-8200-exec-10] INFO  c.p.d.c.PensionerDetailController - Token valid :true
2022-05-07_19-10-35 [http-nio-8200-exec-9] INFO  c.p.d.c.PensionerDetailController - Token valid :true
2022-05-07_19-10-35 [http-nio-8200-exec-1] INFO  c.p.d.c.PensionerDetailController - Token valid :true
2022-05-07_19-10-35 [http-nio-8200-exec-3] INFO  c.p.d.c.PensionerDetailController - Token valid :true
2022-05-07_19-10-35 [http-nio-8200-exec-5] INFO  c.p.d.c.PensionerDetailController - Token valid :true
2022-05-07_19-10-35 [http-nio-8200-exec-6] INFO  c.p.d.c.PensionerDetailController - Token valid :true
2022-05-07_19-10-35 [http-nio-8200-exec-4] INFO  c.p.d.c.PensionerDetailController - Token valid :true
2022-05-07_19-10-35 [http-nio-8200-exec-7] INFO  c.p.d.c.PensionerDetailController - Token valid :true
2022-05-07_19-10-35 [http-nio-8200-exec-8] INFO  c.p.d.c.PensionerDetailController - Token valid :true
2022-05-07_19-10-35 [http-nio-8200-exec-2] INFO  c.p.d.c.PensionerDetailController - Token valid :true
2022-05-07_19-10-35 [http-nio-8200-exec-9] INFO  c.p.d.c.PensionerDetailController - Token valid :true
2022-05-07_19-10-35 [http-nio-8200-exec-1] INFO  c.p.d.c.PensionerDetailController - Token valid :true
2022-05-07_19-10-35 [http-nio-8200-exec-3] INFO  c.p.d.c.PensionerDetailController - Token valid :true
2022-05-07_19-10-35 [http-nio-8200-exec-5] INFO  c.p.d.c.PensionerDetailController - Token valid :true
2022-05-07_19-10-35 [http-nio-8200-exec-6] INFO  c.p.d.c.PensionerDetailController - Token valid :true
2022-05-07_19-10-35 [http-nio-8200-exec-4] INFO  c.p.d.c.PensionerDetailController - Token valid :true
2022-05-07_19-10-35 [http-nio-8200-exec-7] INFO  c.p.d.c.PensionerDetailController - Token valid :true
2022-05-07_19-10-35 [http-nio-8200-exec-8] INFO  c.p.d.c.PensionerDetailController - Token valid :true
2022-05-07_19-10-35 [http-nio-8200-exec-10] INFO  c.p.d.c.PensionerDetailController - Token valid :true
2022-05-07_19-10-35 [http-nio-8200-exec-2] INFO  c.p.d.c.PensionerDetailController - Token valid :true
2022-05-07_19-10-35 [http-nio-8200-exec-1] INFO  c.p.d.c.PensionerDetailController - Token valid :true
2022-05-07_19-10-35 [http-nio-8200-exec-3] INFO  c.p.d.c.PensionerDetailController - Token valid :true
2022-05-07_19-10-35 [http-nio-8200-exec-5] INFO  c.p.d.c.PensionerDetailController - Token valid :true
2022-05-07_19-10-35 [http-nio-8200-exec-6] INFO  c.p.d.c.PensionerDetailController - Token valid :true
2022-05-07_19-10-35 [http-nio-8200-exec-4] INFO  c.p.d.c.PensionerDetailController - Token valid :true
2022-05-07_19-10-35 [http-nio-8200-exec-7] INFO  c.p.d.c.PensionerDetailController - Token valid :true
2022-05-07_19-10-35 [http-nio-8200-exec-8] INFO  c.p.d.c.PensionerDetailController - Token valid :true
2022-05-07_19-10-35 [http-nio-8200-exec-10] INFO  c.p.d.c.PensionerDetailController - Token valid :true
2022-05-07_19-10-35 [http-nio-8200-exec-2] INFO  c.p.d.c.PensionerDetailController - Token valid :true
2022-05-07_19-10-35 [http-nio-8200-exec-9] INFO  c.p.d.c.PensionerDetailController - Token valid :true
2022-05-07_19-10-35 [http-nio-8200-exec-1] INFO  c.p.d.c.PensionerDetailController - Token valid :true
2022-05-07_19-10-35 [http-nio-8200-exec-5] INFO  c.p.d.c.PensionerDetailController - Token valid :true
2022-05-07_19-10-35 [http-nio-8200-exec-6] INFO  c.p.d.c.PensionerDetailController - Token valid :true
2022-05-07_19-10-35 [http-nio-8200-exec-4] INFO  c.p.d.c.PensionerDetailController - Token valid :true
2022-05-07_19-10-35 [http-nio-8200-exec-7] INFO  c.p.d.c.PensionerDetailController - Token valid :true
2022-05-07_19-10-35 [http-nio-8200-exec-8] INFO  c.p.d.c.PensionerDetailController - Token valid :true
2022-05-07_19-10-35 [http-nio-8200-exec-10] INFO  c.p.d.c.PensionerDetailController - Token valid :true
2022-05-07_19-10-35 [http-nio-8200-exec-2] INFO  c.p.d.c.PensionerDetailController - Token valid :true
2022-05-07_19-10-35 [http-nio-8200-exec-9] INFO  c.p.d.c.PensionerDetailController - Token valid :true
2022-05-07_19-10-35 [http-nio-8200-exec-1] INFO  c.p.d.c.PensionerDetailController - Token valid :true
2022-05-07_19-10-35 [http-nio-8200-exec-5] INFO  c.p.d.c.PensionerDetailController - Token valid :true
2022-05-07_19-10-35 [http-nio-8200-exec-6] INFO  c.p.d.c.PensionerDetailController - Token valid :true
2022-05-07_19-10-35 [http-nio-8200-exec-4] INFO  c.p.d.c.PensionerDetailController - Token valid :true
2022-05-07_19-10-35 [http-nio-8200-exec-7] INFO  c.p.d.c.PensionerDetailController - Token valid :true
2022-05-07_19-10-35 [http-nio-8200-exec-8] INFO  c.p.d.c.PensionerDetailController - Token valid :true
2022-05-07_19-10-35 [http-nio-8200-exec-10] INFO  c.p.d.c.PensionerDetailController - Token valid :true
2022-05-07_19-10-35 [http-nio-8200-exec-2] INFO  c.p.d.c.PensionerDetailController - Token valid :true
2022-05-07_19-10-35 [http-nio-8200-exec-9] INFO  c.p.d.c.PensionerDetailController - Token valid :true
2022-05-07_19-10-35 [http-nio-8200-exec-1] INFO  c.p.d.c.PensionerDetailController - Token valid :true
2022-05-07_19-10-35 [http-nio-8200-exec-3] INFO  c.p.d.c.PensionerDetailController - Token valid :true
2022-05-07_19-10-35 [http-nio-8200-exec-6] INFO  c.p.d.c.PensionerDetailController - Token valid :true
2022-05-07_19-10-35 [http-nio-8200-exec-7] INFO  c.p.d.c.PensionerDetailController - Token valid :true
2022-05-07_19-10-35 [http-nio-8200-exec-8] INFO  c.p.d.c.PensionerDetailController - Token valid :true
2022-05-07_19-10-35 [http-nio-8200-exec-10] INFO  c.p.d.c.PensionerDetailController - Token valid :true
2022-05-07_19-10-35 [http-nio-8200-exec-2] INFO  c.p.d.c.PensionerDetailController - Token valid :true
2022-05-07_19-10-35 [http-nio-8200-exec-9] INFO  c.p.d.c.PensionerDetailController - Token valid :true
2022-05-07_19-10-35 [http-nio-8200-exec-1] INFO  c.p.d.c.PensionerDetailController - Token valid :true
2022-05-07_19-10-35 [http-nio-8200-exec-5] INFO  c.p.d.c.PensionerDetailController - Token valid :true
2022-05-07_19-10-35 [http-nio-8200-exec-6] INFO  c.p.d.c.PensionerDetailController - Token valid :true
2022-05-07_19-10-35 [http-nio-8200-exec-4] INFO  c.p.d.c.PensionerDetailController - Token valid :true
2022-05-07_19-10-35 [http-nio-8200-exec-7] INFO  c.p.d.c.PensionerDetailController - Token valid :true
2022-05-07_19-10-35 [http-nio-8200-exec-10] INFO  c.p.d.c.PensionerDetailController - Token valid :true
2022-05-07_19-10-35 [http-nio-8200-exec-2] INFO  c.p.d.c.PensionerDetailController - Token valid :true
2022-05-07_19-10-35 [http-nio-8200-exec-3] INFO  c.p.d.c.PensionerDetailController - Token valid :true
2022-05-07_19-10-35 [http-nio-8200-exec-6] INFO  c.p.d.c.PensionerDetailController - Token valid :true
2022-05-07_19-10-35 [http-nio-8200-exec-4] INFO  c.p.d.c.PensionerDetailController - Token valid :true
2022-05-07_19-10-35 [http-nio-8200-exec-8] INFO  c.p.d.c.PensionerDetailController - Token valid :true
2022-05-07_19-10-35 [http-nio-8200-exec-10] INFO  c.p.d.c.PensionerDetailController - Token valid :true
2022-05-07_19-10-35 [http-nio-8200-exec-9] INFO  c.p.d.c.PensionerDetailController - Token valid :true
2022-05-07_19-10-35 [http-nio-8200-exec-1] INFO  c.p.d.c.PensionerDetailController - Token valid :true
2022-05-07_19-10-35 [http-nio-8200-exec-3] INFO  c.p.d.c.PensionerDetailController - Token valid :true
2022-05-07_19-10-35 [http-nio-8200-exec-5] INFO  c.p.d.c.PensionerDetailController - Token valid :true
2022-05-07_19-10-35 [http-nio-8200-exec-4] INFO  c.p.d.c.PensionerDetailController - Token valid :true
2022-05-07_19-10-35 [http-nio-8200-exec-7] INFO  c.p.d.c.PensionerDetailController - Token valid :true
2022-05-07_19-10-35 [http-nio-8200-exec-8] INFO  c.p.d.c.PensionerDetailController - Token valid :true
2022-05-07_19-10-35 [http-nio-8200-exec-10] INFO  c.p.d.c.PensionerDetailController - Token valid :true
2022-05-07_19-10-35 [http-nio-8200-exec-2] INFO  c.p.d.c.PensionerDetailController - Token valid :true
2022-05-07_19-10-35 [http-nio-8200-exec-9] INFO  c.p.d.c.PensionerDetailController - Token valid :true
2022-05-07_19-10-35 [http-nio-8200-exec-1] INFO  c.p.d.c.PensionerDetailController - Token valid :true
2022-05-07_19-10-35 [http-nio-8200-exec-3] INFO  c.p.d.c.PensionerDetailController - Token valid :true
2022-05-07_19-10-35 [http-nio-8200-exec-5] INFO  c.p.d.c.PensionerDetailController - Token valid :true
2022-05-07_19-10-35 [http-nio-8200-exec-6] INFO  c.p.d.c.PensionerDetailController - Token valid :true
2022-05-07_19-10-35 [http-nio-8200-exec-4] INFO  c.p.d.c.PensionerDetailController - Token valid :true
2022-05-07_19-10-35 [http-nio-8200-exec-7] INFO  c.p.d.c.PensionerDetailController - Token valid :true
2022-05-07_19-10-35 [http-nio-8200-exec-8] INFO  c.p.d.c.PensionerDetailController - Token valid :true
2022-05-07_19-10-35 [http-nio-8200-exec-10] INFO  c.p.d.c.PensionerDetailController - Token valid :true
2022-05-07_19-10-35 [http-nio-8200-exec-2] INFO  c.p.d.c.PensionerDetailController - Token valid :true
2022-05-07_19-10-35 [http-nio-8200-exec-9] INFO  c.p.d.c.PensionerDetailController - Token valid :true
2022-05-07_19-10-35 [http-nio-8200-exec-1] INFO  c.p.d.c.PensionerDetailController - Token valid :true
2022-05-07_19-10-35 [http-nio-8200-exec-3] INFO  c.p.d.c.PensionerDetailController - Token valid :true
2022-05-07_19-10-35 [http-nio-8200-exec-5] INFO  c.p.d.c.PensionerDetailController - Token valid :true
2022-05-07_19-10-35 [http-nio-8200-exec-6] INFO  c.p.d.c.PensionerDetailController - Token valid :true
2022-05-07_19-10-35 [http-nio-8200-exec-4] INFO  c.p.d.c.PensionerDetailController - Token valid :true
2022-05-07_19-10-35 [http-nio-8200-exec-7] INFO  c.p.d.c.PensionerDetailController - Token valid :true
2022-05-07_19-10-35 [http-nio-8200-exec-8] INFO  c.p.d.c.PensionerDetailController - Token valid :true
2022-05-07_19-10-35 [http-nio-8200-exec-10] INFO  c.p.d.c.PensionerDetailController - Token valid :true
2022-05-07_19-10-35 [http-nio-8200-exec-2] INFO  c.p.d.c.PensionerDetailController - Token valid :true
2022-05-07_19-10-35 [http-nio-8200-exec-9] INFO  c.p.d.c.PensionerDetailController - Token valid :true
2022-05-07_19-10-35 [http-nio-8200-exec-1] INFO  c.p.d.c.PensionerDetailController - Token valid :true
2022-05-07_19-10-35 [http-nio-8200-exec-3] INFO  c.p.d.c.PensionerDetailController - Token valid :true
2022-05-07_19-10-35 [http-nio-8200-exec-5] INFO  c.p.d.c.PensionerDetailController - Token valid :true
2022-05-07_19-10-35 [http-nio-8200-exec-6] INFO  c.p.d.c.PensionerDetailController - Token valid :true
2022-05-07_19-10-35 [http-nio-8200-exec-4] INFO  c.p.d.c.PensionerDetailController - Token valid :true
2022-05-07_19-10-35 [http-nio-8200-exec-7] INFO  c.p.d.c.PensionerDetailController - Token valid :true
2022-05-07_19-10-35 [http-nio-8200-exec-8] INFO  c.p.d.c.PensionerDetailController - Token valid :true
2022-05-07_19-10-35 [http-nio-8200-exec-10] INFO  c.p.d.c.PensionerDetailController - Token valid :true
2022-05-07_19-10-35 [http-nio-8200-exec-2] INFO  c.p.d.c.PensionerDetailController - Token valid :true
2022-05-07_19-10-35 [http-nio-8200-exec-9] INFO  c.p.d.c.PensionerDetailController - Token valid :true
2022-05-07_19-10-35 [http-nio-8200-exec-1] INFO  c.p.d.c.PensionerDetailController - Token valid :true
2022-05-07_19-10-35 [http-nio-8200-exec-3] INFO  c.p.d.c.PensionerDetailController - Token valid :true
2022-05-07_19-10-35 [http-nio-8200-exec-5] INFO  c.p.d.c.PensionerDetailController - Token valid :true
2022-05-07_19-10-35 [http-nio-8200-exec-8] INFO  c.p.d.c.PensionerDetailController - Token valid :true
2022-05-07_19-10-35 [http-nio-8200-exec-2] INFO  c.p.d.c.PensionerDetailController - Token valid :true
2022-05-07_19-10-35 [http-nio-8200-exec-9] INFO  c.p.d.c.PensionerDetailController - Token valid :true
2022-05-07_19-10-35 [http-nio-8200-exec-3] INFO  c.p.d.c.PensionerDetailController - Token valid :true
2022-05-07_19-10-35 [http-nio-8200-exec-4] INFO  c.p.d.c.PensionerDetailController - Token valid :true
2022-05-07_19-10-35 [http-nio-8200-exec-8] INFO  c.p.d.c.PensionerDetailController - Token valid :true
2022-05-07_19-10-35 [http-nio-8200-exec-10] INFO  c.p.d.c.PensionerDetailController - Token valid :true
2022-05-07_19-10-35 [http-nio-8200-exec-1] INFO  c.p.d.c.PensionerDetailController - Token valid :true
2022-05-07_19-10-35 [http-nio-8200-exec-3] INFO  c.p.d.c.PensionerDetailController - Token valid :true
2022-05-07_19-10-35 [http-nio-8200-exec-5] INFO  c.p.d.c.PensionerDetailController - Token valid :true
2022-05-07_19-10-35 [http-nio-8200-exec-6] INFO  c.p.d.c.PensionerDetailController - Token valid :true
2022-05-07_19-10-35 [http-nio-8200-exec-4] INFO  c.p.d.c.PensionerDetailController - Token valid :true
2022-05-07_19-10-35 [http-nio-8200-exec-7] INFO  c.p.d.c.PensionerDetailController - Token valid :true
2022-05-07_19-10-35 [http-nio-8200-exec-10] INFO  c.p.d.c.PensionerDetailController - Token valid :true
2022-05-07_19-10-35 [SpringApplicationShutdownHook] INFO  o.s.o.j.LocalContainerEntityManagerFactoryBean - Closing JPA EntityManagerFactory for persistence unit 'default'
2022-05-07_19-10-35 [SpringApplicationShutdownHook] INFO  o.h.t.s.i.SchemaDropperImpl$DelayedDropActionImpl - HHH000477: Starting delayed evictData of schema as part of SessionFactory shut-down'
2022-05-07_19-10-35 [SpringApplicationShutdownHook] INFO  com.zaxxer.hikari.HikariDataSource - HikariPool-1 - Shutdown initiated...
2022-05-07_19-10-35 [SpringApplicationShutdownHook] INFO  com.zaxxer.hikari.HikariDataSource - HikariPool-1 - Shutdown completed.
